Using pre-set license
Built from '2021.1/staging' branch; Version is '2021.1.20f1 (be552157821d) revision 12473633'; Using compiler version '192528614'; Build Type 'Release'
OS: 'Windows 10 Pro; OS build 19043.1237; Version 2009; 64bit' Language: 'en' Physical Memory: 32609 MB
BatchMode: 1, IsHumanControllingUs: 0, StartBugReporterOnCrash: 0, Is64bit: 1, IsPro: 0

COMMAND LINE ARGUMENTS:
C:\Program Files\Unity\Hub\Editor\2021.1.20f1\Editor\Unity.exe
-adb2
-batchMode
-noUpm
-name
AssetImportWorker0
-projectPath
C:/Users/jcnar/Documents/Github/GE-AS1/Individual A1
-logFile
Logs/AssetImportWorker0.log
-srvPort
54637
Successfully changed project path to: C:/Users/jcnar/Documents/Github/GE-AS1/Individual A1
C:/Users/jcnar/Documents/Github/GE-AS1/Individual A1
Using Asset Import Pipeline V2.
Refreshing native plugins compatible for Editor in 112.76 ms, found 3 plugins.
Preloading 0 native plugins for Editor in 0.00 ms.
Initialize engine version: 2021.1.20f1 (be552157821d)
[Subsystems] Discovering subsystems at path C:/Program Files/Unity/Hub/Editor/2021.1.20f1/Editor/Data/Resources/UnitySubsystems
[Subsystems] Discovering subsystems at path C:/Users/jcnar/Documents/Github/GE-AS1/Individual A1/Assets
GfxDevice: creating device client; threaded=0; jobified=0
Direct3D:
    Version:  Direct3D 11.0 [level 11.1]
    Renderer: NVIDIA GeForce RTX 2070 with Max-Q Design (ID=0x1f10)
    Vendor:   NVIDIA
    VRAM:     8031 MB
    Driver:   27.21.14.5671
Initialize mono
Mono path[0] = 'C:/Program Files/Unity/Hub/Editor/2021.1.20f1/Editor/Data/Managed'
Mono path[1] = 'C:/Program Files/Unity/Hub/Editor/2021.1.20f1/Editor/Data/MonoBleedingEdge/lib/mono/unityjit'
Mono config path = 'C:/Program Files/Unity/Hub/Editor/2021.1.20f1/Editor/Data/MonoBleedingEdge/etc'
Using monoOptions --debugger-agent=transport=dt_socket,embedding=1,server=y,suspend=n,address=127.0.0.1:56284
Begin MonoManager ReloadAssembly
Registering precompiled unity dll's ...
Register platform support module: C:/Program Files/Unity/Hub/Editor/2021.1.20f1/Editor/Data/PlaybackEngines/WebGLSupport/UnityEditor.WebGL.Extensions.dll
Register platform support module: C:/Program Files/Unity/Hub/Editor/2021.1.20f1/Editor/Data/PlaybackEngines/WindowsStandaloneSupport/UnityEditor.WindowsStandalone.Extensions.dll
Registered in 0.004260 seconds.
Native extension for WindowsStandalone target not found
Native extension for WebGL target not found
Refreshing native plugins compatible for Editor in 116.49 ms, found 3 plugins.
Preloading 0 native plugins for Editor in 0.00 ms.
Mono: successfully reloaded assembly
- Completed reload, in  2.756 seconds
Domain Reload Profiling:
	ReloadAssembly (2756ms)
		BeginReloadAssembly (99ms)
			ExecutionOrderSort (0ms)
			DisableScriptedObjects (0ms)
			BackupInstance (0ms)
			ReleaseScriptingObjects (0ms)
			CreateAndSetChildDomain (1ms)
		EndReloadAssembly (664ms)
			LoadAssemblies (95ms)
			RebuildTransferFunctionScriptingTraits (0ms)
			SetupTypeCache (238ms)
			ReleaseScriptCaches (0ms)
			RebuildScriptCaches (45ms)
			SetupLoadedEditorAssemblies (313ms)
				LogAssemblyErrors (0ms)
				InitializePlatformSupportModulesInManaged (10ms)
				SetLoadedEditorAssemblies (0ms)
				RefreshPlugins (117ms)
				BeforeProcessingInitializeOnLoad (2ms)
				ProcessInitializeOnLoadAttributes (142ms)
				ProcessInitializeOnLoadMethodAttributes (43ms)
				AfterProcessingInitializeOnLoad (0ms)
				EditorAssembliesLoaded (0ms)
			ExecutionOrderSort2 (0ms)
			AwakeInstancesAfterBackupRestoration (0ms)
Platform modules already initialized, skipping
Registering precompiled user dll's ...
Registered in 0.008472 seconds.
Begin MonoManager ReloadAssembly
Symbol file LoadedFromMemory doesn't match image C:\Users\jcnar\Documents\Github\GE-AS1\Individual A1\Library\PackageCache\com.unity.visualscripting@1.6.1\Editor\VisualScripting.Core\Dependencies\YamlDotNet\Unity.VisualScripting.YamlDotNet.dll
Symbol file LoadedFromMemory doesn't match image C:\Users\jcnar\Documents\Github\GE-AS1\Individual A1\Library\PackageCache\com.unity.visualscripting@1.6.1\Editor\VisualScripting.Core\Dependencies\DotNetZip\Unity.VisualScripting.IonicZip.dll
Native extension for WindowsStandalone target not found
Native extension for WebGL target not found
Refreshing native plugins compatible for Editor in 0.75 ms, found 3 plugins.
Preloading 0 native plugins for Editor in 0.00 ms.
Mono: successfully reloaded assembly
- Completed reload, in  1.577 seconds
Domain Reload Profiling:
	ReloadAssembly (1577ms)
		BeginReloadAssembly (229ms)
			ExecutionOrderSort (0ms)
			DisableScriptedObjects (7ms)
			BackupInstance (0ms)
			ReleaseScriptingObjects (0ms)
			CreateAndSetChildDomain (26ms)
		EndReloadAssembly (1256ms)
			LoadAssemblies (151ms)
			RebuildTransferFunctionScriptingTraits (0ms)
			SetupTypeCache (477ms)
			ReleaseScriptCaches (1ms)
			RebuildScriptCaches (64ms)
			SetupLoadedEditorAssemblies (443ms)
				LogAssemblyErrors (0ms)
				InitializePlatformSupportModulesInManaged (8ms)
				SetLoadedEditorAssemblies (1ms)
				RefreshPlugins (1ms)
				BeforeProcessingInitializeOnLoad (99ms)
				ProcessInitializeOnLoadAttributes (316ms)
				ProcessInitializeOnLoadMethodAttributes (6ms)
				AfterProcessingInitializeOnLoad (12ms)
				EditorAssembliesLoaded (0ms)
			ExecutionOrderSort2 (0ms)
			AwakeInstancesAfterBackupRestoration (10ms)
Platform modules already initialized, skipping
========================================================================
Worker process is ready to serve import requests
Launched and connected shader compiler UnityShaderCompiler.exe after 0.11 seconds
Refreshing native plugins compatible for Editor in 0.72 ms, found 3 plugins.
Preloading 0 native plugins for Editor in 0.00 ms.
Unloading 2967 Unused Serialized files (Serialized files now loaded: 0)
System memory in use before: 127.3 MB.
System memory in use after: 127.5 MB.

Unloading 19 unused Assets to reduce memory usage. Loaded Objects now: 3437.
Total: 4.124700 ms (FindLiveObjects: 0.279100 ms CreateObjectMapping: 0.168600 ms MarkObjects: 3.647300 ms  DeleteObjects: 0.028700 ms)

AssetImportParameters requested are different than current active one (requested -> active):
  custom:framework-win-MediaFoundation: 216162199b28c13a410421893ffa2e32 -> 
  custom:video-decoder-ogg-theora: a1e56fd34408186e4bbccfd4996cb3dc -> 
  custom:container-muxer-webm: aa71ff27fc2769a1b78a27578f13a17b -> 
  custom:container-demuxer-webm: 4f35f7cbe854078d1ac9338744f61a02 -> 
  custom:container-demuxer-ogg: 62fdf1f143b41e24485cea50d1cbac27 -> 
  custom:video-encoder-webm-vp8: eb34c28f22e8b96e1ab97ce403110664 -> 
  custom:video-decoder-webm-vp8: 9c59270c3fd7afecdb556c50c9e8de78 -> 
  custom:audio-decoder-ogg-vorbis: bf7c407c2cedff20999df2af8eb42d56 -> 
  custom:audio-encoder-webm-vorbis: bf7c407c2cedff20999df2af8eb42d56 -> 
========================================================================
Received Import Request.
  path: Assets/Images/Sphere_color.png
  artifactKey: Guid(57a4f56682882524888d8e19ee8c3123) Importer(815301076,1909f56bfc062723c751e8b465ee728b)
Start importing Assets/Images/Sphere_color.png using Guid(57a4f56682882524888d8e19ee8c3123) Importer(815301076,1909f56bfc062723c751e8b465ee728b)  -> (artifact id: '4412c99c0ee2fbf8e0de5113fe08a286') in 0.157484 seconds 
========================================================================
Received Import Request.
  Time since last request: 0.000443 seconds.
  path: Assets/Images/EnemyColor.png
  artifactKey: Guid(6b91d4cc56efa394996f7b6691fb010c) Importer(815301076,1909f56bfc062723c751e8b465ee728b)
Start importing Assets/Images/EnemyColor.png using Guid(6b91d4cc56efa394996f7b6691fb010c) Importer(815301076,1909f56bfc062723c751e8b465ee728b)  -> (artifact id: '2123c1e9585baffda625d81988cf63de') in 0.025392 seconds 
========================================================================
Received Import Request.
  Time since last request: 0.000437 seconds.
  path: Assets/Images/Cube_metallic.png
  artifactKey: Guid(0886599de8792914b9d636b455f98fb8) Importer(815301076,1909f56bfc062723c751e8b465ee728b)
Start importing Assets/Images/Cube_metallic.png using Guid(0886599de8792914b9d636b455f98fb8) Importer(815301076,1909f56bfc062723c751e8b465ee728b)  -> (artifact id: '3cddd5657e8798bfc7b2b6d513b4d0e9') in 0.017825 seconds 
========================================================================
Received Import Request.
  Time since last request: 0.000545 seconds.
  path: Assets/Scenes
  artifactKey: Guid(1fbaa94b89d9d3f4bbcf0fc87a3eee57) Importer(815301076,1909f56bfc062723c751e8b465ee728b)
Start importing Assets/Scenes using Guid(1fbaa94b89d9d3f4bbcf0fc87a3eee57) Importer(815301076,1909f56bfc062723c751e8b465ee728b)  -> (artifact id: 'bab2b91af5f77ad85d62d5272a696cd6') in 0.008101 seconds 
========================================================================
Received Import Request.
  Time since last request: 0.000446 seconds.
  path: Assets/Images/EnemyBullet.png
  artifactKey: Guid(1107614a184693d4388d598bb17cd2f3) Importer(815301076,1909f56bfc062723c751e8b465ee728b)
Start importing Assets/Images/EnemyBullet.png using Guid(1107614a184693d4388d598bb17cd2f3) Importer(815301076,1909f56bfc062723c751e8b465ee728b)  -> (artifact id: '30ab4f8f1337b2184e20a77a0bacb4b2') in 0.018676 seconds 
========================================================================
Received Import Request.
  Time since last request: 0.000393 seconds.
  path: Assets/Images/PlayerColor.png
  artifactKey: Guid(aef89cb2b9312aa43b453157b4faf258) Importer(815301076,1909f56bfc062723c751e8b465ee728b)
Start importing Assets/Images/PlayerColor.png using Guid(aef89cb2b9312aa43b453157b4faf258) Importer(815301076,1909f56bfc062723c751e8b465ee728b)  -> (artifact id: '203b2848ccb9d5b780a9291d669f556a') in 0.020029 seconds 
========================================================================
Received Import Request.
  Time since last request: 0.000425 seconds.
  path: Assets/Images/EnemyBulletEmission.png
  artifactKey: Guid(31abf13c65d7a6f40a422fbff7b6c51e) Importer(815301076,1909f56bfc062723c751e8b465ee728b)
Start importing Assets/Images/EnemyBulletEmission.png using Guid(31abf13c65d7a6f40a422fbff7b6c51e) Importer(815301076,1909f56bfc062723c751e8b465ee728b)  -> (artifact id: '24ee2be0a0489925ceb0f73960e4b7f0') in 0.020674 seconds 
========================================================================
Received Import Request.
  Time since last request: 0.000390 seconds.
  path: Assets/Images/PlayerBulletColor.png
  artifactKey: Guid(783730cdc9e772d4d956f464f93f1e94) Importer(815301076,1909f56bfc062723c751e8b465ee728b)
Start importing Assets/Images/PlayerBulletColor.png using Guid(783730cdc9e772d4d956f464f93f1e94) Importer(815301076,1909f56bfc062723c751e8b465ee728b)  -> (artifact id: 'ffd2223ea05ceae2ff08bf373c3ef476') in 0.019874 seconds 
========================================================================
Received Import Request.
  Time since last request: 0.000397 seconds.
  path: Assets/Images/Untitled-1.png
  artifactKey: Guid(f052d2afd02ddc14f907d4a208d05c9e) Importer(815301076,1909f56bfc062723c751e8b465ee728b)
Start importing Assets/Images/Untitled-1.png using Guid(f052d2afd02ddc14f907d4a208d05c9e) Importer(815301076,1909f56bfc062723c751e8b465ee728b)  -> (artifact id: '67877392d35916416f1a90b019494a14') in 0.027966 seconds 
========================================================================
Received Import Request.
  Time since last request: 0.000401 seconds.
  path: Assets/Images/PlayerBulletEmmision.png
  artifactKey: Guid(35d910e1b48223442bbfb5914022ba57) Importer(815301076,1909f56bfc062723c751e8b465ee728b)
Start importing Assets/Images/PlayerBulletEmmision.png using Guid(35d910e1b48223442bbfb5914022ba57) Importer(815301076,1909f56bfc062723c751e8b465ee728b)  -> (artifact id: 'a2df26df7a1071b92646a7cbcde4f8d0') in 0.017854 seconds 
========================================================================
Received Import Request.
  Time since last request: 0.000402 seconds.
  path: Assets/Images
  artifactKey: Guid(240c15ccc63053743bd2203b99130a90) Importer(815301076,1909f56bfc062723c751e8b465ee728b)
Start importing Assets/Images using Guid(240c15ccc63053743bd2203b99130a90) Importer(815301076,1909f56bfc062723c751e8b465ee728b)  -> (artifact id: '7d4332a7191ee855363005e4f1a7b003') in 0.010129 seconds 
========================================================================
Received Import Request.
  Time since last request: 3.649927 seconds.
  path: Assets/Assets
  artifactKey: Guid(9302e02864446104ea00aba506f8daf6) Importer(815301076,1909f56bfc062723c751e8b465ee728b)
Start importing Assets/Assets using Guid(9302e02864446104ea00aba506f8daf6) Importer(815301076,1909f56bfc062723c751e8b465ee728b)  -> (artifact id: 'b1f9d35f5031b4a3b42fec759b3b8b5a') in 0.008123 seconds 
========================================================================
Received Import Request.
  Time since last request: 9.588135 seconds.
  path: Assets/Scenes/SampleScene.unity
  artifactKey: Guid(9fc0d4010bbf28b4594072e72b8655ab) Importer(815301076,1909f56bfc062723c751e8b465ee728b)
Start importing Assets/Scenes/SampleScene.unity using Guid(9fc0d4010bbf28b4594072e72b8655ab) Importer(815301076,1909f56bfc062723c751e8b465ee728b)  -> (artifact id: 'b04da9d448a350c72a93be5ab0e3076e') in 0.010161 seconds 
========================================================================
Received Import Request.
  Time since last request: 5.911808 seconds.
  path: Assets/Prefab/Asteroid.prefab
  artifactKey: Guid(a6700db6150de4542b687bc0483cd2fc) Importer(815301076,1909f56bfc062723c751e8b465ee728b)
Start importing Assets/Prefab/Asteroid.prefab using Guid(a6700db6150de4542b687bc0483cd2fc) Importer(815301076,1909f56bfc062723c751e8b465ee728b)  -> (artifact id: 'c8b9f6aca41ab952edefd65845da9428') in 0.084245 seconds 
========================================================================
Received Import Request.
  Time since last request: 0.000375 seconds.
  path: Assets/Prefab/EnemyBullet.prefab
  artifactKey: Guid(c25c1c32ac3356a469e50a4224f453e1) Importer(815301076,1909f56bfc062723c751e8b465ee728b)
Start importing Assets/Prefab/EnemyBullet.prefab using Guid(c25c1c32ac3356a469e50a4224f453e1) Importer(815301076,1909f56bfc062723c751e8b465ee728b)  -> (artifact id: 'ae4e8476f7646d931bbee9014d4251dc') in 0.034809 seconds 
========================================================================
Received Import Request.
  Time since last request: 0.000363 seconds.
  path: Assets/Prefab/Player.prefab
  artifactKey: Guid(b8d0013e5bfd202488b488d4d5f4377a) Importer(815301076,1909f56bfc062723c751e8b465ee728b)
Start importing Assets/Prefab/Player.prefab using Guid(b8d0013e5bfd202488b488d4d5f4377a) Importer(815301076,1909f56bfc062723c751e8b465ee728b)  -> (artifact id: 'd55063d5272e4b34ff644c272e9d3971') in 0.029413 seconds 
========================================================================
Received Import Request.
  Time since last request: 0.000319 seconds.
  path: Assets/Prefab/PlayerBullet.prefab
  artifactKey: Guid(629cbb860341f1a4e97241c61329045b) Importer(815301076,1909f56bfc062723c751e8b465ee728b)
Start importing Assets/Prefab/PlayerBullet.prefab using Guid(629cbb860341f1a4e97241c61329045b) Importer(815301076,1909f56bfc062723c751e8b465ee728b)  -> (artifact id: '455aae1d6052ae815d6295203dc88b31') in 0.025608 seconds 
========================================================================
Received Import Request.
  Time since last request: 0.000445 seconds.
  path: Assets/Prefab/Enemy.prefab
  artifactKey: Guid(4cc7ea3e1590176418f2a9804b6071e8) Importer(815301076,1909f56bfc062723c751e8b465ee728b)
Start importing Assets/Prefab/Enemy.prefab using Guid(4cc7ea3e1590176418f2a9804b6071e8) Importer(815301076,1909f56bfc062723c751e8b465ee728b)  -> (artifact id: 'b470c437497a421c708a616752f5672c') in 0.032029 seconds 
========================================================================
Received Import Request.
  Time since last request: 26.035729 seconds.
  path: Assets/Objects/Asteroid.obj
  artifactKey: Guid(4dcef8bd31f9b6446ae0a3f9e45b8c87) Importer(815301076,1909f56bfc062723c751e8b465ee728b)
Start importing Assets/Objects/Asteroid.obj using Guid(4dcef8bd31f9b6446ae0a3f9e45b8c87) Importer(815301076,1909f56bfc062723c751e8b465ee728b)  -> (artifact id: '20dc37760aa17e296517437fe51bda92') in 0.089298 seconds 
========================================================================
Received Import Request.
  Time since last request: 0.000358 seconds.
  path: Assets/Objects/Spaceship.obj
  artifactKey: Guid(d4862b19b3dbd5849811e961839245a0) Importer(815301076,1909f56bfc062723c751e8b465ee728b)
Start importing Assets/Objects/Spaceship.obj using Guid(d4862b19b3dbd5849811e961839245a0) Importer(815301076,1909f56bfc062723c751e8b465ee728b)  -> (artifact id: '138c4cc647eec2297099954b048087c0') in 0.045216 seconds 
========================================================================
Received Import Request.
  Time since last request: 0.000375 seconds.
  path: Assets/Objects/Enemy.obj
  artifactKey: Guid(a363b465c01a92d4ba733246dd5f7daf) Importer(815301076,1909f56bfc062723c751e8b465ee728b)
Start importing Assets/Objects/Enemy.obj using Guid(a363b465c01a92d4ba733246dd5f7daf) Importer(815301076,1909f56bfc062723c751e8b465ee728b)  -> (artifact id: '66ec9013ad70c6fb34ea88a1bcd3118a') in 0.045055 seconds 
========================================================================
Received Import Request.
  Time since last request: 0.000368 seconds.
  path: Assets/Objects/Bullet.obj
  artifactKey: Guid(167f2d886344cbd448b7486c052cdfb9) Importer(815301076,1909f56bfc062723c751e8b465ee728b)
Start importing Assets/Objects/Bullet.obj using Guid(167f2d886344cbd448b7486c052cdfb9) Importer(815301076,1909f56bfc062723c751e8b465ee728b)  -> (artifact id: 'eb0b2d789e139e4213e7f5adf0cfba9c') in 0.034949 seconds 
========================================================================
Received Import Request.
  Time since last request: 34.270633 seconds.
  path: Assets/Scenes/Game.unity
  artifactKey: Guid(9ed44fc0302a79b488905cafe0892193) Importer(815301076,1909f56bfc062723c751e8b465ee728b)
Start importing Assets/Scenes/Game.unity using Guid(9ed44fc0302a79b488905cafe0892193) Importer(815301076,1909f56bfc062723c751e8b465ee728b)  -> (artifact id: '152f4f149faed6b4e7db9d341502e061') in 0.010054 seconds 
========================================================================
Received Import Request.
  Time since last request: 63.474854 seconds.
  path: Assets/Scripts/EnemySpawner.cs
  artifactKey: Guid(9f23c3ecda472354ba3f4a886ea173db) Importer(815301076,1909f56bfc062723c751e8b465ee728b)
Start importing Assets/Scripts/EnemySpawner.cs using Guid(9f23c3ecda472354ba3f4a886ea173db) Importer(815301076,1909f56bfc062723c751e8b465ee728b)  -> (artifact id: '95c00304330946ec37d0b51129c488c3') in 0.016192 seconds 
========================================================================
Received Prepare
Registering precompiled user dll's ...
Registered in 0.012552 seconds.
Begin MonoManager ReloadAssembly
Symbol file LoadedFromMemory doesn't match image C:\Users\jcnar\Documents\Github\GE-AS1\Individual A1\Library\PackageCache\com.unity.visualscripting@1.6.1\Editor\VisualScripting.Core\Dependencies\YamlDotNet\Unity.VisualScripting.YamlDotNet.dll
Symbol file LoadedFromMemory doesn't match image C:\Users\jcnar\Documents\Github\GE-AS1\Individual A1\Library\PackageCache\com.unity.visualscripting@1.6.1\Editor\VisualScripting.Core\Dependencies\DotNetZip\Unity.VisualScripting.IonicZip.dll
Native extension for WindowsStandalone target not found
Native extension for WebGL target not found
Refreshing native plugins compatible for Editor in 0.71 ms, found 3 plugins.
Preloading 0 native plugins for Editor in 0.00 ms.
Mono: successfully reloaded assembly
- Completed reload, in  2.048 seconds
Domain Reload Profiling:
	ReloadAssembly (2049ms)
		BeginReloadAssembly (233ms)
			ExecutionOrderSort (0ms)
			DisableScriptedObjects (8ms)
			BackupInstance (0ms)
			ReleaseScriptingObjects (0ms)
			CreateAndSetChildDomain (64ms)
		EndReloadAssembly (1680ms)
			LoadAssemblies (216ms)
			RebuildTransferFunctionScriptingTraits (0ms)
			SetupTypeCache (739ms)
			ReleaseScriptCaches (1ms)
			RebuildScriptCaches (67ms)
			SetupLoadedEditorAssemblies (451ms)
				LogAssemblyErrors (0ms)
				InitializePlatformSupportModulesInManaged (8ms)
				SetLoadedEditorAssemblies (1ms)
				RefreshPlugins (1ms)
				BeforeProcessingInitializeOnLoad (83ms)
				ProcessInitializeOnLoadAttributes (338ms)
				ProcessInitializeOnLoadMethodAttributes (5ms)
				AfterProcessingInitializeOnLoad (13ms)
				EditorAssembliesLoaded (0ms)
			ExecutionOrderSort2 (0ms)
			AwakeInstancesAfterBackupRestoration (21ms)
Platform modules already initialized, skipping
Refreshing native plugins compatible for Editor in 0.70 ms, found 3 plugins.
Preloading 0 native plugins for Editor in 0.00 ms.
Unloading 2957 Unused Serialized files (Serialized files now loaded: 0)
System memory in use before: 141.9 MB.
System memory in use after: 142.1 MB.

Unloading 15 unused Assets to reduce memory usage. Loaded Objects now: 3618.
Total: 5.961500 ms (FindLiveObjects: 0.306500 ms CreateObjectMapping: 0.179300 ms MarkObjects: 5.447600 ms  DeleteObjects: 0.027000 ms)

AssetImportParameters requested are different than current active one (requested -> active):
  custom:framework-win-MediaFoundation: 216162199b28c13a410421893ffa2e32 -> 
  custom:video-decoder-ogg-theora: a1e56fd34408186e4bbccfd4996cb3dc -> 
  custom:container-muxer-webm: aa71ff27fc2769a1b78a27578f13a17b -> 
  custom:container-demuxer-webm: 4f35f7cbe854078d1ac9338744f61a02 -> 
  custom:container-demuxer-ogg: 62fdf1f143b41e24485cea50d1cbac27 -> 
  custom:video-encoder-webm-vp8: eb34c28f22e8b96e1ab97ce403110664 -> 
  custom:video-decoder-webm-vp8: 9c59270c3fd7afecdb556c50c9e8de78 -> 
  custom:audio-decoder-ogg-vorbis: bf7c407c2cedff20999df2af8eb42d56 -> 
  custom:audio-encoder-webm-vorbis: bf7c407c2cedff20999df2af8eb42d56 -> 
========================================================================
Received Prepare
Registering precompiled user dll's ...
Registered in 0.008612 seconds.
Begin MonoManager ReloadAssembly
Symbol file LoadedFromMemory doesn't match image C:\Users\jcnar\Documents\Github\GE-AS1\Individual A1\Library\PackageCache\com.unity.visualscripting@1.6.1\Editor\VisualScripting.Core\Dependencies\YamlDotNet\Unity.VisualScripting.YamlDotNet.dll
Symbol file LoadedFromMemory doesn't match image C:\Users\jcnar\Documents\Github\GE-AS1\Individual A1\Library\PackageCache\com.unity.visualscripting@1.6.1\Editor\VisualScripting.Core\Dependencies\DotNetZip\Unity.VisualScripting.IonicZip.dll
Native extension for WindowsStandalone target not found
Native extension for WebGL target not found
Refreshing native plugins compatible for Editor in 0.70 ms, found 3 plugins.
Preloading 0 native plugins for Editor in 0.00 ms.
Mono: successfully reloaded assembly
- Completed reload, in  1.523 seconds
Domain Reload Profiling:
	ReloadAssembly (1523ms)
		BeginReloadAssembly (185ms)
			ExecutionOrderSort (0ms)
			DisableScriptedObjects (9ms)
			BackupInstance (0ms)
			ReleaseScriptingObjects (0ms)
			CreateAndSetChildDomain (48ms)
		EndReloadAssembly (1243ms)
			LoadAssemblies (152ms)
			RebuildTransferFunctionScriptingTraits (0ms)
			SetupTypeCache (494ms)
			ReleaseScriptCaches (1ms)
			RebuildScriptCaches (57ms)
			SetupLoadedEditorAssemblies (402ms)
				LogAssemblyErrors (0ms)
				InitializePlatformSupportModulesInManaged (8ms)
				SetLoadedEditorAssemblies (1ms)
				RefreshPlugins (1ms)
				BeforeProcessingInitializeOnLoad (79ms)
				ProcessInitializeOnLoadAttributes (296ms)
				ProcessInitializeOnLoadMethodAttributes (5ms)
				AfterProcessingInitializeOnLoad (12ms)
				EditorAssembliesLoaded (0ms)
			ExecutionOrderSort2 (0ms)
			AwakeInstancesAfterBackupRestoration (19ms)
Platform modules already initialized, skipping
Refreshing native plugins compatible for Editor in 0.70 ms, found 3 plugins.
Preloading 0 native plugins for Editor in 0.00 ms.
Unloading 2948 Unused Serialized files (Serialized files now loaded: 0)
System memory in use before: 141.7 MB.
System memory in use after: 141.9 MB.

Unloading 15 unused Assets to reduce memory usage. Loaded Objects now: 3620.
Total: 4.110800 ms (FindLiveObjects: 0.293200 ms CreateObjectMapping: 0.181100 ms MarkObjects: 3.614100 ms  DeleteObjects: 0.021400 ms)

AssetImportParameters requested are different than current active one (requested -> active):
  custom:framework-win-MediaFoundation: 216162199b28c13a410421893ffa2e32 -> 
  custom:video-decoder-ogg-theora: a1e56fd34408186e4bbccfd4996cb3dc -> 
  custom:container-muxer-webm: aa71ff27fc2769a1b78a27578f13a17b -> 
  custom:container-demuxer-webm: 4f35f7cbe854078d1ac9338744f61a02 -> 
  custom:container-demuxer-ogg: 62fdf1f143b41e24485cea50d1cbac27 -> 
  custom:video-encoder-webm-vp8: eb34c28f22e8b96e1ab97ce403110664 -> 
  custom:video-decoder-webm-vp8: 9c59270c3fd7afecdb556c50c9e8de78 -> 
  custom:audio-decoder-ogg-vorbis: bf7c407c2cedff20999df2af8eb42d56 -> 
  custom:audio-encoder-webm-vorbis: bf7c407c2cedff20999df2af8eb42d56 -> 
========================================================================
Received Import Request.
  Time since last request: 90.473972 seconds.
  path: Assets/Scenes/New Scene.unity
  artifactKey: Guid(58b018d360478fa45ab7848d2dd1e494) Importer(815301076,1909f56bfc062723c751e8b465ee728b)
Start importing Assets/Scenes/New Scene.unity using Guid(58b018d360478fa45ab7848d2dd1e494) Importer(815301076,1909f56bfc062723c751e8b465ee728b)  -> (artifact id: '38a74b39f904a80074f5ce34de6df069') in 0.022760 seconds 
========================================================================
Received Import Request.
  Time since last request: 7.177504 seconds.
  path: Assets/Scenes/TilleScreen.unity
  artifactKey: Guid(58b018d360478fa45ab7848d2dd1e494) Importer(815301076,1909f56bfc062723c751e8b465ee728b)
Start importing Assets/Scenes/TilleScreen.unity using Guid(58b018d360478fa45ab7848d2dd1e494) Importer(815301076,1909f56bfc062723c751e8b465ee728b)  -> (artifact id: '7de0bedced86673136660907ed39ca02') in 0.011540 seconds 
========================================================================
Received Import Request.
  Time since last request: 6.932580 seconds.
  path: Assets/Scenes/TitleScreen.unity
  artifactKey: Guid(58b018d360478fa45ab7848d2dd1e494) Importer(815301076,1909f56bfc062723c751e8b465ee728b)
Start importing Assets/Scenes/TitleScreen.unity using Guid(58b018d360478fa45ab7848d2dd1e494) Importer(815301076,1909f56bfc062723c751e8b465ee728b)  -> (artifact id: '4c4258132e96e415c249d8e29acaf48c') in 0.012056 seconds 
========================================================================
Received Import Request.
  Time since last request: 263.643273 seconds.
  path: Assets/Scenes/Game.unity
  artifactKey: Guid(9ed44fc0302a79b488905cafe0892193) Importer(815301076,1909f56bfc062723c751e8b465ee728b)
Start importing Assets/Scenes/Game.unity using Guid(9ed44fc0302a79b488905cafe0892193) Importer(815301076,1909f56bfc062723c751e8b465ee728b)  -> (artifact id: '7580979f601638a59347b07e74e0522a') in 0.009590 seconds 
========================================================================
Received Import Request.
  Time since last request: 320.920406 seconds.
  path: Assets/Scenes/TitleScreen.unity
  artifactKey: Guid(58b018d360478fa45ab7848d2dd1e494) Importer(815301076,1909f56bfc062723c751e8b465ee728b)
Start importing Assets/Scenes/TitleScreen.unity using Guid(58b018d360478fa45ab7848d2dd1e494) Importer(815301076,1909f56bfc062723c751e8b465ee728b)  -> (artifact id: '28888d76fe8c79009d154c2b8ab195c0') in 0.009396 seconds 
========================================================================
Received Import Request.
  Time since last request: 37.800991 seconds.
  path: Assets/Images/Materials/Spaceship.mat
  artifactKey: Guid(0bc8ef44aec1edf4290d586ad652c9d8) Importer(815301076,1909f56bfc062723c751e8b465ee728b)
Start importing Assets/Images/Materials/Spaceship.mat using Guid(0bc8ef44aec1edf4290d586ad652c9d8) Importer(815301076,1909f56bfc062723c751e8b465ee728b)  -> (artifact id: '20a0519af9bf78d64af4e0a5ac2f4a27') in 0.071438 seconds 
========================================================================
Received Import Request.
  Time since last request: 0.000397 seconds.
  path: Assets/Images/Materials/Untitled_Artwork.mat
  artifactKey: Guid(a35a50e7710287e42aa95a8dda564ae1) Importer(815301076,1909f56bfc062723c751e8b465ee728b)
Start importing Assets/Images/Materials/Untitled_Artwork.mat using Guid(a35a50e7710287e42aa95a8dda564ae1) Importer(815301076,1909f56bfc062723c751e8b465ee728b)  -> (artifact id: 'ca63f8751d00295da443ec01fcd473d5') in 0.040651 seconds 
========================================================================
Received Import Request.
  Time since last request: 31.899720 seconds.
  path: Assets/Images/EndCard.png
  artifactKey: Guid(0dba3ad784a3b3347a4bfc98dda8d8a9) Importer(815301076,1909f56bfc062723c751e8b465ee728b)
Start importing Assets/Images/EndCard.png using Guid(0dba3ad784a3b3347a4bfc98dda8d8a9) Importer(815301076,1909f56bfc062723c751e8b465ee728b)  -> (artifact id: '17b7a6d835e61dc2a3bf938213956766') in 0.028912 seconds 
========================================================================
Received Import Request.
  Time since last request: 0.000376 seconds.
  path: Assets/Images/Title.png
  artifactKey: Guid(1f9772727cd0701489fcbda1e0c1f05c) Importer(815301076,1909f56bfc062723c751e8b465ee728b)
Start importing Assets/Images/Title.png using Guid(1f9772727cd0701489fcbda1e0c1f05c) Importer(815301076,1909f56bfc062723c751e8b465ee728b)  -> (artifact id: 'aa85da753bec081e47e5267b9956bdf2') in 0.026644 seconds 
========================================================================
Received Import Request.
  Time since last request: 9.583076 seconds.
  path: Assets/Images/Title.png
  artifactKey: Guid(1f9772727cd0701489fcbda1e0c1f05c) Importer(815301076,1909f56bfc062723c751e8b465ee728b)
Start importing Assets/Images/Title.png using Guid(1f9772727cd0701489fcbda1e0c1f05c) Importer(815301076,1909f56bfc062723c751e8b465ee728b)  -> (artifact id: 'c6b2e6890004f4dd78c175676a3a56ff') in 0.092712 seconds 
========================================================================
Received Import Request.
  Time since last request: 5.543318 seconds.
  path: Assets/Images/EndCard.png
  artifactKey: Guid(0dba3ad784a3b3347a4bfc98dda8d8a9) Importer(815301076,1909f56bfc062723c751e8b465ee728b)
Start importing Assets/Images/EndCard.png using Guid(0dba3ad784a3b3347a4bfc98dda8d8a9) Importer(815301076,1909f56bfc062723c751e8b465ee728b)  -> (artifact id: 'ffeda644f5314713fc121c37cf04b8c2') in 0.043057 seconds 
========================================================================
Received Import Request.
  Time since last request: 64.123989 seconds.
  path: Assets/Scripts/Scrolling.cs
  artifactKey: Guid(1f0ff36e5f672dd4981448d2c7996841) Importer(815301076,1909f56bfc062723c751e8b465ee728b)
Start importing Assets/Scripts/Scrolling.cs using Guid(1f0ff36e5f672dd4981448d2c7996841) Importer(815301076,1909f56bfc062723c751e8b465ee728b)  -> (artifact id: '98be0e48832833a1b25b2284a50521ed') in 0.010595 seconds 
========================================================================
Received Import Request.
  Time since last request: 320.657521 seconds.
  path: Assets/Scenes/TitleScreen.unity
  artifactKey: Guid(58b018d360478fa45ab7848d2dd1e494) Importer(815301076,1909f56bfc062723c751e8b465ee728b)
Start importing Assets/Scenes/TitleScreen.unity using Guid(58b018d360478fa45ab7848d2dd1e494) Importer(815301076,1909f56bfc062723c751e8b465ee728b)  -> (artifact id: '907a8a2aee9be225df1f8c7967b49ea6') in 0.004800 seconds 
========================================================================
Received Import Request.
  Time since last request: 153.583265 seconds.
  path: Assets/Scripts
  artifactKey: Guid(1c581987399843b4d80e72c654cc6646) Importer(815301076,1909f56bfc062723c751e8b465ee728b)
Start importing Assets/Scripts using Guid(1c581987399843b4d80e72c654cc6646) Importer(815301076,1909f56bfc062723c751e8b465ee728b)  -> (artifact id: 'c7fbe4ef88597d6acce212e7da04535b') in 0.009961 seconds 
========================================================================
Received Import Request.
  Time since last request: 3.524574 seconds.
  path: Assets/Scripts/NewBehaviourScript.cs
  artifactKey: Guid(65a3518b640030a42961de4f28f1dabd) Importer(815301076,1909f56bfc062723c751e8b465ee728b)
Start importing Assets/Scripts/NewBehaviourScript.cs using Guid(65a3518b640030a42961de4f28f1dabd) Importer(815301076,1909f56bfc062723c751e8b465ee728b)  -> (artifact id: '32a28526baf6fbd4f08d35d6dd3e3e49') in 0.011224 seconds 
========================================================================
Received Prepare
Registering precompiled user dll's ...
Registered in 0.010833 seconds.
Begin MonoManager ReloadAssembly
Symbol file LoadedFromMemory doesn't match image C:\Users\jcnar\Documents\Github\GE-AS1\Individual A1\Library\PackageCache\com.unity.visualscripting@1.6.1\Editor\VisualScripting.Core\Dependencies\YamlDotNet\Unity.VisualScripting.YamlDotNet.dll
Symbol file LoadedFromMemory doesn't match image C:\Users\jcnar\Documents\Github\GE-AS1\Individual A1\Library\PackageCache\com.unity.visualscripting@1.6.1\Editor\VisualScripting.Core\Dependencies\DotNetZip\Unity.VisualScripting.IonicZip.dll
Native extension for WindowsStandalone target not found
Native extension for WebGL target not found
Refreshing native plugins compatible for Editor in 0.69 ms, found 3 plugins.
Preloading 0 native plugins for Editor in 0.00 ms.
Mono: successfully reloaded assembly
- Completed reload, in  1.635 seconds
Domain Reload Profiling:
	ReloadAssembly (1635ms)
		BeginReloadAssembly (192ms)
			ExecutionOrderSort (0ms)
			DisableScriptedObjects (8ms)
			BackupInstance (0ms)
			ReleaseScriptingObjects (0ms)
			CreateAndSetChildDomain (53ms)
		EndReloadAssembly (1350ms)
			LoadAssemblies (150ms)
			RebuildTransferFunctionScriptingTraits (0ms)
			SetupTypeCache (496ms)
			ReleaseScriptCaches (1ms)
			RebuildScriptCaches (65ms)
			SetupLoadedEditorAssemblies (439ms)
				LogAssemblyErrors (0ms)
				InitializePlatformSupportModulesInManaged (8ms)
				SetLoadedEditorAssemblies (1ms)
				RefreshPlugins (1ms)
				BeforeProcessingInitializeOnLoad (80ms)
				ProcessInitializeOnLoadAttributes (331ms)
				ProcessInitializeOnLoadMethodAttributes (6ms)
				AfterProcessingInitializeOnLoad (12ms)
				EditorAssembliesLoaded (0ms)
			ExecutionOrderSort2 (0ms)
			AwakeInstancesAfterBackupRestoration (19ms)
Platform modules already initialized, skipping
Refreshing native plugins compatible for Editor in 0.99 ms, found 3 plugins.
Preloading 0 native plugins for Editor in 0.00 ms.
Unloading 2951 Unused Serialized files (Serialized files now loaded: 0)
System memory in use before: 162.0 MB.
System memory in use after: 162.3 MB.

Unloading 16 unused Assets to reduce memory usage. Loaded Objects now: 3684.
Total: 4.880800 ms (FindLiveObjects: 0.323800 ms CreateObjectMapping: 0.209400 ms MarkObjects: 4.285300 ms  DeleteObjects: 0.060300 ms)

AssetImportParameters requested are different than current active one (requested -> active):
  custom:framework-win-MediaFoundation: 216162199b28c13a410421893ffa2e32 -> 
  custom:video-decoder-ogg-theora: a1e56fd34408186e4bbccfd4996cb3dc -> 
  custom:container-muxer-webm: aa71ff27fc2769a1b78a27578f13a17b -> 
  custom:container-demuxer-webm: 4f35f7cbe854078d1ac9338744f61a02 -> 
  custom:container-demuxer-ogg: 62fdf1f143b41e24485cea50d1cbac27 -> 
  custom:video-encoder-webm-vp8: eb34c28f22e8b96e1ab97ce403110664 -> 
  custom:video-decoder-webm-vp8: 9c59270c3fd7afecdb556c50c9e8de78 -> 
  custom:audio-decoder-ogg-vorbis: bf7c407c2cedff20999df2af8eb42d56 -> 
  custom:audio-encoder-webm-vorbis: bf7c407c2cedff20999df2af8eb42d56 -> 
========================================================================
Received Import Request.
  Time since last request: 14.411632 seconds.
  path: Assets/Scripts/TitleButton.cs
  artifactKey: Guid(65a3518b640030a42961de4f28f1dabd) Importer(815301076,1909f56bfc062723c751e8b465ee728b)
Start importing Assets/Scripts/TitleButton.cs using Guid(65a3518b640030a42961de4f28f1dabd) Importer(815301076,1909f56bfc062723c751e8b465ee728b)  -> (artifact id: '2a150bbb8033284672fe6494e5af4f25') in 0.018701 seconds 
========================================================================
Received Prepare
Registering precompiled user dll's ...
Registered in 0.008346 seconds.
Begin MonoManager ReloadAssembly
Symbol file LoadedFromMemory doesn't match image C:\Users\jcnar\Documents\Github\GE-AS1\Individual A1\Library\PackageCache\com.unity.visualscripting@1.6.1\Editor\VisualScripting.Core\Dependencies\YamlDotNet\Unity.VisualScripting.YamlDotNet.dll
Symbol file LoadedFromMemory doesn't match image C:\Users\jcnar\Documents\Github\GE-AS1\Individual A1\Library\PackageCache\com.unity.visualscripting@1.6.1\Editor\VisualScripting.Core\Dependencies\DotNetZip\Unity.VisualScripting.IonicZip.dll
Native extension for WindowsStandalone target not found
Native extension for WebGL target not found
Refreshing native plugins compatible for Editor in 0.72 ms, found 3 plugins.
Preloading 0 native plugins for Editor in 0.00 ms.
Mono: successfully reloaded assembly
- Completed reload, in  1.556 seconds
Domain Reload Profiling:
	ReloadAssembly (1556ms)
		BeginReloadAssembly (173ms)
			ExecutionOrderSort (0ms)
			DisableScriptedObjects (9ms)
			BackupInstance (0ms)
			ReleaseScriptingObjects (0ms)
			CreateAndSetChildDomain (45ms)
		EndReloadAssembly (1293ms)
			LoadAssemblies (145ms)
			RebuildTransferFunctionScriptingTraits (0ms)
			SetupTypeCache (491ms)
			ReleaseScriptCaches (1ms)
			RebuildScriptCaches (76ms)
			SetupLoadedEditorAssemblies (424ms)
				LogAssemblyErrors (0ms)
				InitializePlatformSupportModulesInManaged (8ms)
				SetLoadedEditorAssemblies (1ms)
				RefreshPlugins (1ms)
				BeforeProcessingInitializeOnLoad (88ms)
				ProcessInitializeOnLoadAttributes (307ms)
				ProcessInitializeOnLoadMethodAttributes (6ms)
				AfterProcessingInitializeOnLoad (13ms)
				EditorAssembliesLoaded (0ms)
			ExecutionOrderSort2 (0ms)
			AwakeInstancesAfterBackupRestoration (22ms)
Platform modules already initialized, skipping
Refreshing native plugins compatible for Editor in 1.28 ms, found 3 plugins.
Preloading 0 native plugins for Editor in 0.00 ms.
Unloading 2949 Unused Serialized files (Serialized files now loaded: 0)
System memory in use before: 162.0 MB.
System memory in use after: 162.2 MB.

Unloading 15 unused Assets to reduce memory usage. Loaded Objects now: 3686.
Total: 5.875500 ms (FindLiveObjects: 0.333700 ms CreateObjectMapping: 0.214600 ms MarkObjects: 5.288700 ms  DeleteObjects: 0.036200 ms)

AssetImportParameters requested are different than current active one (requested -> active):
  custom:framework-win-MediaFoundation: 216162199b28c13a410421893ffa2e32 -> 
  custom:video-decoder-ogg-theora: a1e56fd34408186e4bbccfd4996cb3dc -> 
  custom:container-muxer-webm: aa71ff27fc2769a1b78a27578f13a17b -> 
  custom:container-demuxer-webm: 4f35f7cbe854078d1ac9338744f61a02 -> 
  custom:container-demuxer-ogg: 62fdf1f143b41e24485cea50d1cbac27 -> 
  custom:video-encoder-webm-vp8: eb34c28f22e8b96e1ab97ce403110664 -> 
  custom:video-decoder-webm-vp8: 9c59270c3fd7afecdb556c50c9e8de78 -> 
  custom:audio-decoder-ogg-vorbis: bf7c407c2cedff20999df2af8eb42d56 -> 
  custom:audio-encoder-webm-vorbis: bf7c407c2cedff20999df2af8eb42d56 -> 
========================================================================
Received Import Request.
  Time since last request: 28.489108 seconds.
  path: Assets/Scenes/TitleScreen.unity
  artifactKey: Guid(58b018d360478fa45ab7848d2dd1e494) Importer(815301076,1909f56bfc062723c751e8b465ee728b)
Start importing Assets/Scenes/TitleScreen.unity using Guid(58b018d360478fa45ab7848d2dd1e494) Importer(815301076,1909f56bfc062723c751e8b465ee728b)  -> (artifact id: 'bc9599084b0a4845d22b98220d339684') in 0.024470 seconds 
========================================================================
Received Import Request.
  Time since last request: 52.188698 seconds.
  path: Assets/Scripts/TitleButton.cs
  artifactKey: Guid(65a3518b640030a42961de4f28f1dabd) Importer(815301076,1909f56bfc062723c751e8b465ee728b)
Start importing Assets/Scripts/TitleButton.cs using Guid(65a3518b640030a42961de4f28f1dabd) Importer(815301076,1909f56bfc062723c751e8b465ee728b)  -> (artifact id: '3600b67d6b965277e59bb1d97d4bea05') in 0.005247 seconds 
========================================================================
Received Prepare
Registering precompiled user dll's ...
Registered in 0.008004 seconds.
Begin MonoManager ReloadAssembly
Symbol file LoadedFromMemory doesn't match image C:\Users\jcnar\Documents\Github\GE-AS1\Individual A1\Library\PackageCache\com.unity.visualscripting@1.6.1\Editor\VisualScripting.Core\Dependencies\YamlDotNet\Unity.VisualScripting.YamlDotNet.dll
Symbol file LoadedFromMemory doesn't match image C:\Users\jcnar\Documents\Github\GE-AS1\Individual A1\Library\PackageCache\com.unity.visualscripting@1.6.1\Editor\VisualScripting.Core\Dependencies\DotNetZip\Unity.VisualScripting.IonicZip.dll
Native extension for WindowsStandalone target not found
Native extension for WebGL target not found
Refreshing native plugins compatible for Editor in 0.69 ms, found 3 plugins.
Preloading 0 native plugins for Editor in 0.00 ms.
Mono: successfully reloaded assembly
- Completed reload, in  1.493 seconds
Domain Reload Profiling:
	ReloadAssembly (1494ms)
		BeginReloadAssembly (176ms)
			ExecutionOrderSort (0ms)
			DisableScriptedObjects (9ms)
			BackupInstance (0ms)
			ReleaseScriptingObjects (0ms)
			CreateAndSetChildDomain (46ms)
		EndReloadAssembly (1228ms)
			LoadAssemblies (147ms)
			RebuildTransferFunctionScriptingTraits (0ms)
			SetupTypeCache (474ms)
			ReleaseScriptCaches (1ms)
			RebuildScriptCaches (58ms)
			SetupLoadedEditorAssemblies (409ms)
				LogAssemblyErrors (0ms)
				InitializePlatformSupportModulesInManaged (8ms)
				SetLoadedEditorAssemblies (1ms)
				RefreshPlugins (1ms)
				BeforeProcessingInitializeOnLoad (83ms)
				ProcessInitializeOnLoadAttributes (296ms)
				ProcessInitializeOnLoadMethodAttributes (5ms)
				AfterProcessingInitializeOnLoad (14ms)
				EditorAssembliesLoaded (0ms)
			ExecutionOrderSort2 (0ms)
			AwakeInstancesAfterBackupRestoration (21ms)
Platform modules already initialized, skipping
Refreshing native plugins compatible for Editor in 0.67 ms, found 3 plugins.
Preloading 0 native plugins for Editor in 0.00 ms.
Unloading 2949 Unused Serialized files (Serialized files now loaded: 0)
System memory in use before: 162.0 MB.
System memory in use after: 162.2 MB.

Unloading 15 unused Assets to reduce memory usage. Loaded Objects now: 3688.
Total: 4.117700 ms (FindLiveObjects: 0.288900 ms CreateObjectMapping: 0.194400 ms MarkObjects: 3.613200 ms  DeleteObjects: 0.020000 ms)

AssetImportParameters requested are different than current active one (requested -> active):
  custom:framework-win-MediaFoundation: 216162199b28c13a410421893ffa2e32 -> 
  custom:video-decoder-ogg-theora: a1e56fd34408186e4bbccfd4996cb3dc -> 
  custom:container-muxer-webm: aa71ff27fc2769a1b78a27578f13a17b -> 
  custom:container-demuxer-webm: 4f35f7cbe854078d1ac9338744f61a02 -> 
  custom:container-demuxer-ogg: 62fdf1f143b41e24485cea50d1cbac27 -> 
  custom:video-encoder-webm-vp8: eb34c28f22e8b96e1ab97ce403110664 -> 
  custom:video-decoder-webm-vp8: 9c59270c3fd7afecdb556c50c9e8de78 -> 
  custom:audio-decoder-ogg-vorbis: bf7c407c2cedff20999df2af8eb42d56 -> 
  custom:audio-encoder-webm-vorbis: bf7c407c2cedff20999df2af8eb42d56 -> 
========================================================================
Received Import Request.
  Time since last request: 14.388928 seconds.
  path: Assets/Scripts/Button.cs
  artifactKey: Guid(65a3518b640030a42961de4f28f1dabd) Importer(815301076,1909f56bfc062723c751e8b465ee728b)
Start importing Assets/Scripts/Button.cs using Guid(65a3518b640030a42961de4f28f1dabd) Importer(815301076,1909f56bfc062723c751e8b465ee728b)  -> (artifact id: '8e092b3cb1d7393efca4ef31edf81749') in 0.014661 seconds 
========================================================================
Received Prepare
Registering precompiled user dll's ...
Registered in 0.008722 seconds.
Begin MonoManager ReloadAssembly
Symbol file LoadedFromMemory doesn't match image C:\Users\jcnar\Documents\Github\GE-AS1\Individual A1\Library\PackageCache\com.unity.visualscripting@1.6.1\Editor\VisualScripting.Core\Dependencies\YamlDotNet\Unity.VisualScripting.YamlDotNet.dll
Symbol file LoadedFromMemory doesn't match image C:\Users\jcnar\Documents\Github\GE-AS1\Individual A1\Library\PackageCache\com.unity.visualscripting@1.6.1\Editor\VisualScripting.Core\Dependencies\DotNetZip\Unity.VisualScripting.IonicZip.dll
Native extension for WindowsStandalone target not found
Native extension for WebGL target not found
Refreshing native plugins compatible for Editor in 0.69 ms, found 3 plugins.
Preloading 0 native plugins for Editor in 0.00 ms.
Mono: successfully reloaded assembly
- Completed reload, in  1.648 seconds
Domain Reload Profiling:
	ReloadAssembly (1648ms)
		BeginReloadAssembly (221ms)
			ExecutionOrderSort (0ms)
			DisableScriptedObjects (12ms)
			BackupInstance (0ms)
			ReleaseScriptingObjects (0ms)
			CreateAndSetChildDomain (57ms)
		EndReloadAssembly (1300ms)
			LoadAssemblies (176ms)
			RebuildTransferFunctionScriptingTraits (0ms)
			SetupTypeCache (520ms)
			ReleaseScriptCaches (1ms)
			RebuildScriptCaches (56ms)
			SetupLoadedEditorAssemblies (410ms)
				LogAssemblyErrors (0ms)
				InitializePlatformSupportModulesInManaged (8ms)
				SetLoadedEditorAssemblies (1ms)
				RefreshPlugins (1ms)
				BeforeProcessingInitializeOnLoad (80ms)
				ProcessInitializeOnLoadAttributes (302ms)
				ProcessInitializeOnLoadMethodAttributes (6ms)
				AfterProcessingInitializeOnLoad (13ms)
				EditorAssembliesLoaded (1ms)
			ExecutionOrderSort2 (0ms)
			AwakeInstancesAfterBackupRestoration (20ms)
Platform modules already initialized, skipping
Refreshing native plugins compatible for Editor in 0.86 ms, found 3 plugins.
Preloading 0 native plugins for Editor in 0.00 ms.
Unloading 2949 Unused Serialized files (Serialized files now loaded: 0)
System memory in use before: 162.0 MB.
System memory in use after: 162.2 MB.

Unloading 15 unused Assets to reduce memory usage. Loaded Objects now: 3690.
Total: 4.157100 ms (FindLiveObjects: 0.313800 ms CreateObjectMapping: 0.199400 ms MarkObjects: 3.565200 ms  DeleteObjects: 0.077400 ms)

AssetImportParameters requested are different than current active one (requested -> active):
  custom:framework-win-MediaFoundation: 216162199b28c13a410421893ffa2e32 -> 
  custom:video-decoder-ogg-theora: a1e56fd34408186e4bbccfd4996cb3dc -> 
  custom:container-muxer-webm: aa71ff27fc2769a1b78a27578f13a17b -> 
  custom:container-demuxer-webm: 4f35f7cbe854078d1ac9338744f61a02 -> 
  custom:container-demuxer-ogg: 62fdf1f143b41e24485cea50d1cbac27 -> 
  custom:video-encoder-webm-vp8: eb34c28f22e8b96e1ab97ce403110664 -> 
  custom:video-decoder-webm-vp8: 9c59270c3fd7afecdb556c50c9e8de78 -> 
  custom:audio-decoder-ogg-vorbis: bf7c407c2cedff20999df2af8eb42d56 -> 
  custom:audio-encoder-webm-vorbis: bf7c407c2cedff20999df2af8eb42d56 -> 
========================================================================
Received Import Request.
  Time since last request: 8.220871 seconds.
  path: Assets/Scripts/Spaceship.cs
  artifactKey: Guid(5f9c8491b27f7be48bd137e47d172816) Importer(815301076,1909f56bfc062723c751e8b465ee728b)
Start importing Assets/Scripts/Spaceship.cs using Guid(5f9c8491b27f7be48bd137e47d172816) Importer(815301076,1909f56bfc062723c751e8b465ee728b)  -> (artifact id: '51aa627467d0571bd365f7982cbd4713') in 0.012928 seconds 
========================================================================
Received Import Request.
  Time since last request: 8.765232 seconds.
  path: Assets/Scripts/Button.cs
  artifactKey: Guid(65a3518b640030a42961de4f28f1dabd) Importer(815301076,1909f56bfc062723c751e8b465ee728b)
Start importing Assets/Scripts/Button.cs using Guid(65a3518b640030a42961de4f28f1dabd) Importer(815301076,1909f56bfc062723c751e8b465ee728b)  -> (artifact id: 'b0e9138bd5b2f0af849e26fad01aa075') in 0.004661 seconds 
========================================================================
Received Prepare
Registering precompiled user dll's ...
Registered in 0.014688 seconds.
Begin MonoManager ReloadAssembly
Symbol file LoadedFromMemory doesn't match image C:\Users\jcnar\Documents\Github\GE-AS1\Individual A1\Library\PackageCache\com.unity.visualscripting@1.6.1\Editor\VisualScripting.Core\Dependencies\YamlDotNet\Unity.VisualScripting.YamlDotNet.dll
Symbol file LoadedFromMemory doesn't match image C:\Users\jcnar\Documents\Github\GE-AS1\Individual A1\Library\PackageCache\com.unity.visualscripting@1.6.1\Editor\VisualScripting.Core\Dependencies\DotNetZip\Unity.VisualScripting.IonicZip.dll
Native extension for WindowsStandalone target not found
Native extension for WebGL target not found
Refreshing native plugins compatible for Editor in 0.93 ms, found 3 plugins.
Preloading 0 native plugins for Editor in 0.00 ms.
Mono: successfully reloaded assembly
- Completed reload, in  1.677 seconds
Domain Reload Profiling:
	ReloadAssembly (1678ms)
		BeginReloadAssembly (188ms)
			ExecutionOrderSort (0ms)
			DisableScriptedObjects (10ms)
			BackupInstance (0ms)
			ReleaseScriptingObjects (0ms)
			CreateAndSetChildDomain (49ms)
		EndReloadAssembly (1388ms)
			LoadAssemblies (147ms)
			RebuildTransferFunctionScriptingTraits (0ms)
			SetupTypeCache (505ms)
			ReleaseScriptCaches (2ms)
			RebuildScriptCaches (66ms)
			SetupLoadedEditorAssemblies (485ms)
				LogAssemblyErrors (0ms)
				InitializePlatformSupportModulesInManaged (11ms)
				SetLoadedEditorAssemblies (1ms)
				RefreshPlugins (1ms)
				BeforeProcessingInitializeOnLoad (104ms)
				ProcessInitializeOnLoadAttributes (349ms)
				ProcessInitializeOnLoadMethodAttributes (5ms)
				AfterProcessingInitializeOnLoad (13ms)
				EditorAssembliesLoaded (0ms)
			ExecutionOrderSort2 (0ms)
			AwakeInstancesAfterBackupRestoration (20ms)
Platform modules already initialized, skipping
Refreshing native plugins compatible for Editor in 0.77 ms, found 3 plugins.
Preloading 0 native plugins for Editor in 0.00 ms.
Unloading 2949 Unused Serialized files (Serialized files now loaded: 0)
System memory in use before: 162.0 MB.
System memory in use after: 162.2 MB.

Unloading 15 unused Assets to reduce memory usage. Loaded Objects now: 3692.
Total: 4.351300 ms (FindLiveObjects: 0.297100 ms CreateObjectMapping: 0.193900 ms MarkObjects: 3.838300 ms  DeleteObjects: 0.020800 ms)

AssetImportParameters requested are different than current active one (requested -> active):
  custom:framework-win-MediaFoundation: 216162199b28c13a410421893ffa2e32 -> 
  custom:video-decoder-ogg-theora: a1e56fd34408186e4bbccfd4996cb3dc -> 
  custom:container-muxer-webm: aa71ff27fc2769a1b78a27578f13a17b -> 
  custom:container-demuxer-webm: 4f35f7cbe854078d1ac9338744f61a02 -> 
  custom:container-demuxer-ogg: 62fdf1f143b41e24485cea50d1cbac27 -> 
  custom:video-encoder-webm-vp8: eb34c28f22e8b96e1ab97ce403110664 -> 
  custom:video-decoder-webm-vp8: 9c59270c3fd7afecdb556c50c9e8de78 -> 
  custom:audio-decoder-ogg-vorbis: bf7c407c2cedff20999df2af8eb42d56 -> 
  custom:audio-encoder-webm-vorbis: bf7c407c2cedff20999df2af8eb42d56 -> 
========================================================================
Received Import Request.
  Time since last request: 66.596812 seconds.
  path: Assets/Scripts/Button.cs
  artifactKey: Guid(65a3518b640030a42961de4f28f1dabd) Importer(815301076,1909f56bfc062723c751e8b465ee728b)
Start importing Assets/Scripts/Button.cs using Guid(65a3518b640030a42961de4f28f1dabd) Importer(815301076,1909f56bfc062723c751e8b465ee728b)  -> (artifact id: 'e2b22ef6e0c1bcdfa178828e69eb256b') in 0.008949 seconds 
========================================================================
Received Prepare
Registering precompiled user dll's ...
Registered in 0.010172 seconds.
Begin MonoManager ReloadAssembly
Symbol file LoadedFromMemory doesn't match image C:\Users\jcnar\Documents\Github\GE-AS1\Individual A1\Library\PackageCache\com.unity.visualscripting@1.6.1\Editor\VisualScripting.Core\Dependencies\YamlDotNet\Unity.VisualScripting.YamlDotNet.dll
Symbol file LoadedFromMemory doesn't match image C:\Users\jcnar\Documents\Github\GE-AS1\Individual A1\Library\PackageCache\com.unity.visualscripting@1.6.1\Editor\VisualScripting.Core\Dependencies\DotNetZip\Unity.VisualScripting.IonicZip.dll
Native extension for WindowsStandalone target not found
Native extension for WebGL target not found
Refreshing native plugins compatible for Editor in 1.00 ms, found 3 plugins.
Preloading 0 native plugins for Editor in 0.00 ms.
Mono: successfully reloaded assembly
- Completed reload, in  1.926 seconds
Domain Reload Profiling:
	ReloadAssembly (1926ms)
		BeginReloadAssembly (202ms)
			ExecutionOrderSort (0ms)
			DisableScriptedObjects (9ms)
			BackupInstance (0ms)
			ReleaseScriptingObjects (0ms)
			CreateAndSetChildDomain (53ms)
		EndReloadAssembly (1622ms)
			LoadAssemblies (190ms)
			RebuildTransferFunctionScriptingTraits (0ms)
			SetupTypeCache (656ms)
			ReleaseScriptCaches (1ms)
			RebuildScriptCaches (74ms)
			SetupLoadedEditorAssemblies (524ms)
				LogAssemblyErrors (0ms)
				InitializePlatformSupportModulesInManaged (15ms)
				SetLoadedEditorAssemblies (1ms)
				RefreshPlugins (1ms)
				BeforeProcessingInitializeOnLoad (95ms)
				ProcessInitializeOnLoadAttributes (390ms)
				ProcessInitializeOnLoadMethodAttributes (6ms)
				AfterProcessingInitializeOnLoad (14ms)
				EditorAssembliesLoaded (1ms)
			ExecutionOrderSort2 (0ms)
			AwakeInstancesAfterBackupRestoration (25ms)
Platform modules already initialized, skipping
Refreshing native plugins compatible for Editor in 0.71 ms, found 3 plugins.
Preloading 0 native plugins for Editor in 0.00 ms.
Unloading 2949 Unused Serialized files (Serialized files now loaded: 0)
System memory in use before: 162.0 MB.
System memory in use after: 162.2 MB.

Unloading 15 unused Assets to reduce memory usage. Loaded Objects now: 3694.
Total: 4.503000 ms (FindLiveObjects: 0.315700 ms CreateObjectMapping: 0.181600 ms MarkObjects: 3.979100 ms  DeleteObjects: 0.025200 ms)

AssetImportParameters requested are different than current active one (requested -> active):
  custom:framework-win-MediaFoundation: 216162199b28c13a410421893ffa2e32 -> 
  custom:video-decoder-ogg-theora: a1e56fd34408186e4bbccfd4996cb3dc -> 
  custom:container-muxer-webm: aa71ff27fc2769a1b78a27578f13a17b -> 
  custom:container-demuxer-webm: 4f35f7cbe854078d1ac9338744f61a02 -> 
  custom:container-demuxer-ogg: 62fdf1f143b41e24485cea50d1cbac27 -> 
  custom:video-encoder-webm-vp8: eb34c28f22e8b96e1ab97ce403110664 -> 
  custom:video-decoder-webm-vp8: 9c59270c3fd7afecdb556c50c9e8de78 -> 
  custom:audio-decoder-ogg-vorbis: bf7c407c2cedff20999df2af8eb42d56 -> 
  custom:audio-encoder-webm-vorbis: bf7c407c2cedff20999df2af8eb42d56 -> 
========================================================================
Received Import Request.
  Time since last request: 71.163473 seconds.
  path: Assets/Scripts/Button.cs
  artifactKey: Guid(65a3518b640030a42961de4f28f1dabd) Importer(815301076,1909f56bfc062723c751e8b465ee728b)
Start importing Assets/Scripts/Button.cs using Guid(65a3518b640030a42961de4f28f1dabd) Importer(815301076,1909f56bfc062723c751e8b465ee728b)  -> (artifact id: '5549017a4a63d4a7250a108333097f9e') in 0.008398 seconds 
========================================================================
Received Prepare
Registering precompiled user dll's ...
Registered in 0.010204 seconds.
Begin MonoManager ReloadAssembly
Symbol file LoadedFromMemory doesn't match image C:\Users\jcnar\Documents\Github\GE-AS1\Individual A1\Library\PackageCache\com.unity.visualscripting@1.6.1\Editor\VisualScripting.Core\Dependencies\YamlDotNet\Unity.VisualScripting.YamlDotNet.dll
Symbol file LoadedFromMemory doesn't match image C:\Users\jcnar\Documents\Github\GE-AS1\Individual A1\Library\PackageCache\com.unity.visualscripting@1.6.1\Editor\VisualScripting.Core\Dependencies\DotNetZip\Unity.VisualScripting.IonicZip.dll
Native extension for WindowsStandalone target not found
Native extension for WebGL target not found
Refreshing native plugins compatible for Editor in 0.70 ms, found 3 plugins.
Preloading 0 native plugins for Editor in 0.00 ms.
Mono: successfully reloaded assembly
- Completed reload, in  1.634 seconds
Domain Reload Profiling:
	ReloadAssembly (1635ms)
		BeginReloadAssembly (220ms)
			ExecutionOrderSort (0ms)
			DisableScriptedObjects (13ms)
			BackupInstance (0ms)
			ReleaseScriptingObjects (0ms)
			CreateAndSetChildDomain (63ms)
		EndReloadAssembly (1310ms)
			LoadAssemblies (173ms)
			RebuildTransferFunctionScriptingTraits (0ms)
			SetupTypeCache (507ms)
			ReleaseScriptCaches (1ms)
			RebuildScriptCaches (56ms)
			SetupLoadedEditorAssemblies (438ms)
				LogAssemblyErrors (0ms)
				InitializePlatformSupportModulesInManaged (8ms)
				SetLoadedEditorAssemblies (1ms)
				RefreshPlugins (1ms)
				BeforeProcessingInitializeOnLoad (80ms)
				ProcessInitializeOnLoadAttributes (330ms)
				ProcessInitializeOnLoadMethodAttributes (6ms)
				AfterProcessingInitializeOnLoad (13ms)
				EditorAssembliesLoaded (0ms)
			ExecutionOrderSort2 (0ms)
			AwakeInstancesAfterBackupRestoration (20ms)
Platform modules already initialized, skipping
Refreshing native plugins compatible for Editor in 0.69 ms, found 3 plugins.
Preloading 0 native plugins for Editor in 0.00 ms.
Unloading 2949 Unused Serialized files (Serialized files now loaded: 0)
System memory in use before: 162.0 MB.
System memory in use after: 162.3 MB.

Unloading 15 unused Assets to reduce memory usage. Loaded Objects now: 3696.
Total: 4.244500 ms (FindLiveObjects: 0.350700 ms CreateObjectMapping: 0.224300 ms MarkObjects: 3.646400 ms  DeleteObjects: 0.021800 ms)

AssetImportParameters requested are different than current active one (requested -> active):
  custom:framework-win-MediaFoundation: 216162199b28c13a410421893ffa2e32 -> 
  custom:video-decoder-ogg-theora: a1e56fd34408186e4bbccfd4996cb3dc -> 
  custom:container-muxer-webm: aa71ff27fc2769a1b78a27578f13a17b -> 
  custom:container-demuxer-webm: 4f35f7cbe854078d1ac9338744f61a02 -> 
  custom:container-demuxer-ogg: 62fdf1f143b41e24485cea50d1cbac27 -> 
  custom:video-encoder-webm-vp8: eb34c28f22e8b96e1ab97ce403110664 -> 
  custom:video-decoder-webm-vp8: 9c59270c3fd7afecdb556c50c9e8de78 -> 
  custom:audio-decoder-ogg-vorbis: bf7c407c2cedff20999df2af8eb42d56 -> 
  custom:audio-encoder-webm-vorbis: bf7c407c2cedff20999df2af8eb42d56 -> 
========================================================================
Received Import Request.
  Time since last request: 240.143080 seconds.
  path: Assets/Scripts/Button.cs
  artifactKey: Guid(65a3518b640030a42961de4f28f1dabd) Importer(815301076,1909f56bfc062723c751e8b465ee728b)
Start importing Assets/Scripts/Button.cs using Guid(65a3518b640030a42961de4f28f1dabd) Importer(815301076,1909f56bfc062723c751e8b465ee728b)  -> (artifact id: '54988439a8d3a1b652855db888942b07') in 0.008984 seconds 
========================================================================
Received Import Request.
  Time since last request: 330.887222 seconds.
  path: Assets/Scripts/Button.cs
  artifactKey: Guid(65a3518b640030a42961de4f28f1dabd) Importer(815301076,1909f56bfc062723c751e8b465ee728b)
Start importing Assets/Scripts/Button.cs using Guid(65a3518b640030a42961de4f28f1dabd) Importer(815301076,1909f56bfc062723c751e8b465ee728b)  -> (artifact id: '0166d61e9ec9f1ab0e2d59c0b0b36f27') in 0.013276 seconds 
========================================================================
Received Prepare
Registering precompiled user dll's ...
Registered in 0.008375 seconds.
Begin MonoManager ReloadAssembly
Symbol file LoadedFromMemory doesn't match image C:\Users\jcnar\Documents\Github\GE-AS1\Individual A1\Library\PackageCache\com.unity.visualscripting@1.6.1\Editor\VisualScripting.Core\Dependencies\YamlDotNet\Unity.VisualScripting.YamlDotNet.dll
Symbol file LoadedFromMemory doesn't match image C:\Users\jcnar\Documents\Github\GE-AS1\Individual A1\Library\PackageCache\com.unity.visualscripting@1.6.1\Editor\VisualScripting.Core\Dependencies\DotNetZip\Unity.VisualScripting.IonicZip.dll
Native extension for WindowsStandalone target not found
Native extension for WebGL target not found
Refreshing native plugins compatible for Editor in 0.71 ms, found 3 plugins.
Preloading 0 native plugins for Editor in 0.00 ms.
Mono: successfully reloaded assembly
- Completed reload, in  1.582 seconds
Domain Reload Profiling:
	ReloadAssembly (1582ms)
		BeginReloadAssembly (190ms)
			ExecutionOrderSort (0ms)
			DisableScriptedObjects (10ms)
			BackupInstance (0ms)
			ReleaseScriptingObjects (0ms)
			CreateAndSetChildDomain (45ms)
		EndReloadAssembly (1294ms)
			LoadAssemblies (153ms)
			RebuildTransferFunctionScriptingTraits (0ms)
			SetupTypeCache (512ms)
			ReleaseScriptCaches (1ms)
			RebuildScriptCaches (60ms)
			SetupLoadedEditorAssemblies (422ms)
				LogAssemblyErrors (0ms)
				InitializePlatformSupportModulesInManaged (9ms)
				SetLoadedEditorAssemblies (1ms)
				RefreshPlugins (1ms)
				BeforeProcessingInitializeOnLoad (83ms)
				ProcessInitializeOnLoadAttributes (310ms)
				ProcessInitializeOnLoadMethodAttributes (5ms)
				AfterProcessingInitializeOnLoad (13ms)
				EditorAssembliesLoaded (0ms)
			ExecutionOrderSort2 (0ms)
			AwakeInstancesAfterBackupRestoration (20ms)
Platform modules already initialized, skipping
Refreshing native plugins compatible for Editor in 0.70 ms, found 3 plugins.
Preloading 0 native plugins for Editor in 0.00 ms.
Unloading 2949 Unused Serialized files (Serialized files now loaded: 0)
System memory in use before: 162.1 MB.
System memory in use after: 162.3 MB.

Unloading 15 unused Assets to reduce memory usage. Loaded Objects now: 3698.
Total: 4.414200 ms (FindLiveObjects: 0.297500 ms CreateObjectMapping: 0.184200 ms MarkObjects: 3.908900 ms  DeleteObjects: 0.022300 ms)

AssetImportParameters requested are different than current active one (requested -> active):
  custom:framework-win-MediaFoundation: 216162199b28c13a410421893ffa2e32 -> 
  custom:video-decoder-ogg-theora: a1e56fd34408186e4bbccfd4996cb3dc -> 
  custom:container-muxer-webm: aa71ff27fc2769a1b78a27578f13a17b -> 
  custom:container-demuxer-webm: 4f35f7cbe854078d1ac9338744f61a02 -> 
  custom:container-demuxer-ogg: 62fdf1f143b41e24485cea50d1cbac27 -> 
  custom:video-encoder-webm-vp8: eb34c28f22e8b96e1ab97ce403110664 -> 
  custom:video-decoder-webm-vp8: 9c59270c3fd7afecdb556c50c9e8de78 -> 
  custom:audio-decoder-ogg-vorbis: bf7c407c2cedff20999df2af8eb42d56 -> 
  custom:audio-encoder-webm-vorbis: bf7c407c2cedff20999df2af8eb42d56 -> 
========================================================================
Received Import Request.
  Time since last request: 95.417807 seconds.
  path: Assets/Images/Materials/Asteroid.mat
  artifactKey: Guid(a642986046bad3e4ca30c1fd511dca3f) Importer(815301076,1909f56bfc062723c751e8b465ee728b)
Start importing Assets/Images/Materials/Asteroid.mat using Guid(a642986046bad3e4ca30c1fd511dca3f) Importer(815301076,1909f56bfc062723c751e8b465ee728b)  -> (artifact id: '169e3831400ec93caf5992265713bf35') in 0.086459 seconds 
========================================================================
Received Import Request.
  Time since last request: 0.000419 seconds.
  path: Assets/Images/Materials/BouncyMat.physicMaterial
  artifactKey: Guid(8d052b244c502c749b325e21f8b6ffdb) Importer(815301076,1909f56bfc062723c751e8b465ee728b)
Start importing Assets/Images/Materials/BouncyMat.physicMaterial using Guid(8d052b244c502c749b325e21f8b6ffdb) Importer(815301076,1909f56bfc062723c751e8b465ee728b)  -> (artifact id: 'fa09754aa1748cb2cf259ae6b8d81bcb') in 0.014816 seconds 
========================================================================
Received Import Request.
  Time since last request: 0.000518 seconds.
  path: Assets/TextMesh Pro/Resources/Style Sheets/Default Style Sheet.asset
  artifactKey: Guid(f952c082cb03451daed3ee968ac6c63e) Importer(815301076,1909f56bfc062723c751e8b465ee728b)
Start importing Assets/TextMesh Pro/Resources/Style Sheets/Default Style Sheet.asset using Guid(f952c082cb03451daed3ee968ac6c63e) Importer(815301076,1909f56bfc062723c751e8b465ee728b)  -> (artifact id: 'fe7d18d05c5cb4771e20e1f22d6e6f31') in 0.015223 seconds 
========================================================================
Received Import Request.
  Time since last request: 4.193217 seconds.
  path: Assets/Images/Stars/AmbientOcclusionMap.png
  artifactKey: Guid(654fdb5d367e60d4bb3daa73da7b6723) Importer(815301076,1909f56bfc062723c751e8b465ee728b)
Start importing Assets/Images/Stars/AmbientOcclusionMap.png using Guid(654fdb5d367e60d4bb3daa73da7b6723) Importer(815301076,1909f56bfc062723c751e8b465ee728b)  -> (artifact id: '553101704e85cd0d07ee60f559a15654') in 0.028492 seconds 
========================================================================
Received Prepare
Registering precompiled user dll's ...
Registered in 0.009820 seconds.
Begin MonoManager ReloadAssembly
Symbol file LoadedFromMemory doesn't match image C:\Users\jcnar\Documents\Github\GE-AS1\Individual A1\Library\PackageCache\com.unity.visualscripting@1.6.1\Editor\VisualScripting.Core\Dependencies\YamlDotNet\Unity.VisualScripting.YamlDotNet.dll
Symbol file LoadedFromMemory doesn't match image C:\Users\jcnar\Documents\Github\GE-AS1\Individual A1\Library\PackageCache\com.unity.visualscripting@1.6.1\Editor\VisualScripting.Core\Dependencies\DotNetZip\Unity.VisualScripting.IonicZip.dll
Native extension for WindowsStandalone target not found
Native extension for WebGL target not found
Refreshing native plugins compatible for Editor in 0.70 ms, found 3 plugins.
Preloading 0 native plugins for Editor in 0.00 ms.
Mono: successfully reloaded assembly
- Completed reload, in  1.661 seconds
Domain Reload Profiling:
	ReloadAssembly (1661ms)
		BeginReloadAssembly (190ms)
			ExecutionOrderSort (0ms)
			DisableScriptedObjects (9ms)
			BackupInstance (0ms)
			ReleaseScriptingObjects (0ms)
			CreateAndSetChildDomain (50ms)
		EndReloadAssembly (1353ms)
			LoadAssemblies (168ms)
			RebuildTransferFunctionScriptingTraits (0ms)
			SetupTypeCache (492ms)
			ReleaseScriptCaches (2ms)
			RebuildScriptCaches (74ms)
			SetupLoadedEditorAssemblies (425ms)
				LogAssemblyErrors (0ms)
				InitializePlatformSupportModulesInManaged (8ms)
				SetLoadedEditorAssemblies (1ms)
				RefreshPlugins (1ms)
				BeforeProcessingInitializeOnLoad (79ms)
				ProcessInitializeOnLoadAttributes (315ms)
				ProcessInitializeOnLoadMethodAttributes (8ms)
				AfterProcessingInitializeOnLoad (13ms)
				EditorAssembliesLoaded (0ms)
			ExecutionOrderSort2 (0ms)
			AwakeInstancesAfterBackupRestoration (22ms)
Platform modules already initialized, skipping
Refreshing native plugins compatible for Editor in 0.68 ms, found 3 plugins.
Preloading 0 native plugins for Editor in 0.00 ms.
Unloading 2950 Unused Serialized files (Serialized files now loaded: 0)
System memory in use before: 165.2 MB.
System memory in use after: 165.4 MB.

Unloading 15 unused Assets to reduce memory usage. Loaded Objects now: 3716.
Total: 4.934900 ms (FindLiveObjects: 0.312600 ms CreateObjectMapping: 0.189100 ms MarkObjects: 4.399200 ms  DeleteObjects: 0.031800 ms)

AssetImportParameters requested are different than current active one (requested -> active):
  custom:framework-win-MediaFoundation: 216162199b28c13a410421893ffa2e32 -> 
  custom:video-decoder-ogg-theora: a1e56fd34408186e4bbccfd4996cb3dc -> 
  custom:container-muxer-webm: aa71ff27fc2769a1b78a27578f13a17b -> 
  custom:container-demuxer-webm: 4f35f7cbe854078d1ac9338744f61a02 -> 
  custom:container-demuxer-ogg: 62fdf1f143b41e24485cea50d1cbac27 -> 
  custom:video-encoder-webm-vp8: eb34c28f22e8b96e1ab97ce403110664 -> 
  custom:video-decoder-webm-vp8: 9c59270c3fd7afecdb556c50c9e8de78 -> 
  custom:audio-decoder-ogg-vorbis: bf7c407c2cedff20999df2af8eb42d56 -> 
  custom:audio-encoder-webm-vorbis: bf7c407c2cedff20999df2af8eb42d56 -> 
========================================================================
Received Prepare
Registering precompiled user dll's ...
Registered in 0.008321 seconds.
Begin MonoManager ReloadAssembly
Symbol file LoadedFromMemory doesn't match image C:\Users\jcnar\Documents\Github\GE-AS1\Individual A1\Library\PackageCache\com.unity.visualscripting@1.6.1\Editor\VisualScripting.Core\Dependencies\YamlDotNet\Unity.VisualScripting.YamlDotNet.dll
Symbol file LoadedFromMemory doesn't match image C:\Users\jcnar\Documents\Github\GE-AS1\Individual A1\Library\PackageCache\com.unity.visualscripting@1.6.1\Editor\VisualScripting.Core\Dependencies\DotNetZip\Unity.VisualScripting.IonicZip.dll
Native extension for WindowsStandalone target not found
Native extension for WebGL target not found
Refreshing native plugins compatible for Editor in 0.69 ms, found 3 plugins.
Preloading 0 native plugins for Editor in 0.00 ms.
Mono: successfully reloaded assembly
- Completed reload, in  1.640 seconds
Domain Reload Profiling:
	ReloadAssembly (1641ms)
		BeginReloadAssembly (209ms)
			ExecutionOrderSort (0ms)
			DisableScriptedObjects (18ms)
			BackupInstance (0ms)
			ReleaseScriptingObjects (0ms)
			CreateAndSetChildDomain (57ms)
		EndReloadAssembly (1330ms)
			LoadAssemblies (154ms)
			RebuildTransferFunctionScriptingTraits (0ms)
			SetupTypeCache (513ms)
			ReleaseScriptCaches (1ms)
			RebuildScriptCaches (62ms)
			SetupLoadedEditorAssemblies (456ms)
				LogAssemblyErrors (0ms)
				InitializePlatformSupportModulesInManaged (8ms)
				SetLoadedEditorAssemblies (1ms)
				RefreshPlugins (1ms)
				BeforeProcessingInitializeOnLoad (88ms)
				ProcessInitializeOnLoadAttributes (340ms)
				ProcessInitializeOnLoadMethodAttributes (5ms)
				AfterProcessingInitializeOnLoad (13ms)
				EditorAssembliesLoaded (0ms)
			ExecutionOrderSort2 (0ms)
			AwakeInstancesAfterBackupRestoration (25ms)
Platform modules already initialized, skipping
Refreshing native plugins compatible for Editor in 0.71 ms, found 3 plugins.
Preloading 0 native plugins for Editor in 0.00 ms.
Unloading 2949 Unused Serialized files (Serialized files now loaded: 0)
System memory in use before: 165.2 MB.
System memory in use after: 165.4 MB.

Unloading 15 unused Assets to reduce memory usage. Loaded Objects now: 3718.
Total: 4.681200 ms (FindLiveObjects: 0.320500 ms CreateObjectMapping: 0.182600 ms MarkObjects: 4.153800 ms  DeleteObjects: 0.022900 ms)

AssetImportParameters requested are different than current active one (requested -> active):
  custom:framework-win-MediaFoundation: 216162199b28c13a410421893ffa2e32 -> 
  custom:video-decoder-ogg-theora: a1e56fd34408186e4bbccfd4996cb3dc -> 
  custom:container-muxer-webm: aa71ff27fc2769a1b78a27578f13a17b -> 
  custom:container-demuxer-webm: 4f35f7cbe854078d1ac9338744f61a02 -> 
  custom:container-demuxer-ogg: 62fdf1f143b41e24485cea50d1cbac27 -> 
  custom:video-encoder-webm-vp8: eb34c28f22e8b96e1ab97ce403110664 -> 
  custom:video-decoder-webm-vp8: 9c59270c3fd7afecdb556c50c9e8de78 -> 
  custom:audio-decoder-ogg-vorbis: bf7c407c2cedff20999df2af8eb42d56 -> 
  custom:audio-encoder-webm-vorbis: bf7c407c2cedff20999df2af8eb42d56 -> 
========================================================================
Received Prepare
Registering precompiled user dll's ...
Registered in 0.008993 seconds.
Begin MonoManager ReloadAssembly
Symbol file LoadedFromMemory doesn't match image C:\Users\jcnar\Documents\Github\GE-AS1\Individual A1\Library\PackageCache\com.unity.visualscripting@1.6.1\Editor\VisualScripting.Core\Dependencies\YamlDotNet\Unity.VisualScripting.YamlDotNet.dll
Symbol file LoadedFromMemory doesn't match image C:\Users\jcnar\Documents\Github\GE-AS1\Individual A1\Library\PackageCache\com.unity.visualscripting@1.6.1\Editor\VisualScripting.Core\Dependencies\DotNetZip\Unity.VisualScripting.IonicZip.dll
Native extension for WindowsStandalone target not found
Native extension for WebGL target not found
Refreshing native plugins compatible for Editor in 0.70 ms, found 3 plugins.
Preloading 0 native plugins for Editor in 0.00 ms.
Mono: successfully reloaded assembly
- Completed reload, in  1.479 seconds
Domain Reload Profiling:
	ReloadAssembly (1480ms)
		BeginReloadAssembly (170ms)
			ExecutionOrderSort (0ms)
			DisableScriptedObjects (9ms)
			BackupInstance (0ms)
			ReleaseScriptingObjects (0ms)
			CreateAndSetChildDomain (43ms)
		EndReloadAssembly (1216ms)
			LoadAssemblies (143ms)
			RebuildTransferFunctionScriptingTraits (0ms)
			SetupTypeCache (458ms)
			ReleaseScriptCaches (2ms)
			RebuildScriptCaches (57ms)
			SetupLoadedEditorAssemblies (408ms)
				LogAssemblyErrors (0ms)
				InitializePlatformSupportModulesInManaged (8ms)
				SetLoadedEditorAssemblies (1ms)
				RefreshPlugins (1ms)
				BeforeProcessingInitializeOnLoad (77ms)
				ProcessInitializeOnLoadAttributes (302ms)
				ProcessInitializeOnLoadMethodAttributes (5ms)
				AfterProcessingInitializeOnLoad (13ms)
				EditorAssembliesLoaded (0ms)
			ExecutionOrderSort2 (0ms)
			AwakeInstancesAfterBackupRestoration (20ms)
Platform modules already initialized, skipping
Refreshing native plugins compatible for Editor in 0.71 ms, found 3 plugins.
Preloading 0 native plugins for Editor in 0.00 ms.
Unloading 2949 Unused Serialized files (Serialized files now loaded: 0)
System memory in use before: 165.2 MB.
System memory in use after: 165.4 MB.

Unloading 15 unused Assets to reduce memory usage. Loaded Objects now: 3720.
Total: 4.037500 ms (FindLiveObjects: 0.294900 ms CreateObjectMapping: 0.180900 ms MarkObjects: 3.540400 ms  DeleteObjects: 0.020100 ms)

AssetImportParameters requested are different than current active one (requested -> active):
  custom:framework-win-MediaFoundation: 216162199b28c13a410421893ffa2e32 -> 
  custom:video-decoder-ogg-theora: a1e56fd34408186e4bbccfd4996cb3dc -> 
  custom:container-muxer-webm: aa71ff27fc2769a1b78a27578f13a17b -> 
  custom:container-demuxer-webm: 4f35f7cbe854078d1ac9338744f61a02 -> 
  custom:container-demuxer-ogg: 62fdf1f143b41e24485cea50d1cbac27 -> 
  custom:video-encoder-webm-vp8: eb34c28f22e8b96e1ab97ce403110664 -> 
  custom:video-decoder-webm-vp8: 9c59270c3fd7afecdb556c50c9e8de78 -> 
  custom:audio-decoder-ogg-vorbis: bf7c407c2cedff20999df2af8eb42d56 -> 
  custom:audio-encoder-webm-vorbis: bf7c407c2cedff20999df2af8eb42d56 -> 
========================================================================
Received Import Request.
  Time since last request: 380.771511 seconds.
  path: Assets/Scenes/TitleScreen.unity
  artifactKey: Guid(58b018d360478fa45ab7848d2dd1e494) Importer(815301076,1909f56bfc062723c751e8b465ee728b)
Start importing Assets/Scenes/TitleScreen.unity using Guid(58b018d360478fa45ab7848d2dd1e494) Importer(815301076,1909f56bfc062723c751e8b465ee728b)  -> (artifact id: 'f9380ade2df03a56e5564a18322a627f') in 0.022904 seconds 
========================================================================
Received Prepare
Registering precompiled user dll's ...
Registered in 0.008341 seconds.
Begin MonoManager ReloadAssembly
Symbol file LoadedFromMemory doesn't match image C:\Users\jcnar\Documents\Github\GE-AS1\Individual A1\Library\PackageCache\com.unity.visualscripting@1.6.1\Editor\VisualScripting.Core\Dependencies\YamlDotNet\Unity.VisualScripting.YamlDotNet.dll
Symbol file LoadedFromMemory doesn't match image C:\Users\jcnar\Documents\Github\GE-AS1\Individual A1\Library\PackageCache\com.unity.visualscripting@1.6.1\Editor\VisualScripting.Core\Dependencies\DotNetZip\Unity.VisualScripting.IonicZip.dll
Native extension for WindowsStandalone target not found
Native extension for WebGL target not found
Refreshing native plugins compatible for Editor in 1.11 ms, found 3 plugins.
Preloading 0 native plugins for Editor in 0.00 ms.
Mono: successfully reloaded assembly
- Completed reload, in  1.632 seconds
Domain Reload Profiling:
	ReloadAssembly (1633ms)
		BeginReloadAssembly (169ms)
			ExecutionOrderSort (0ms)
			DisableScriptedObjects (10ms)
			BackupInstance (0ms)
			ReleaseScriptingObjects (0ms)
			CreateAndSetChildDomain (44ms)
		EndReloadAssembly (1369ms)
			LoadAssemblies (150ms)
			RebuildTransferFunctionScriptingTraits (0ms)
			SetupTypeCache (569ms)
			ReleaseScriptCaches (1ms)
			RebuildScriptCaches (70ms)
			SetupLoadedEditorAssemblies (434ms)
				LogAssemblyErrors (0ms)
				InitializePlatformSupportModulesInManaged (9ms)
				SetLoadedEditorAssemblies (1ms)
				RefreshPlugins (1ms)
				BeforeProcessingInitializeOnLoad (83ms)
				ProcessInitializeOnLoadAttributes (319ms)
				ProcessInitializeOnLoadMethodAttributes (7ms)
				AfterProcessingInitializeOnLoad (13ms)
				EditorAssembliesLoaded (0ms)
			ExecutionOrderSort2 (0ms)
			AwakeInstancesAfterBackupRestoration (20ms)
Platform modules already initialized, skipping
Refreshing native plugins compatible for Editor in 0.71 ms, found 3 plugins.
Preloading 0 native plugins for Editor in 0.00 ms.
Unloading 2949 Unused Serialized files (Serialized files now loaded: 0)
System memory in use before: 165.2 MB.
System memory in use after: 165.4 MB.

Unloading 15 unused Assets to reduce memory usage. Loaded Objects now: 3722.
Total: 4.130200 ms (FindLiveObjects: 0.315700 ms CreateObjectMapping: 0.197700 ms MarkObjects: 3.573800 ms  DeleteObjects: 0.022400 ms)

AssetImportParameters requested are different than current active one (requested -> active):
  custom:framework-win-MediaFoundation: 216162199b28c13a410421893ffa2e32 -> 
  custom:video-decoder-ogg-theora: a1e56fd34408186e4bbccfd4996cb3dc -> 
  custom:container-muxer-webm: aa71ff27fc2769a1b78a27578f13a17b -> 
  custom:container-demuxer-webm: 4f35f7cbe854078d1ac9338744f61a02 -> 
  custom:container-demuxer-ogg: 62fdf1f143b41e24485cea50d1cbac27 -> 
  custom:video-encoder-webm-vp8: eb34c28f22e8b96e1ab97ce403110664 -> 
  custom:video-decoder-webm-vp8: 9c59270c3fd7afecdb556c50c9e8de78 -> 
  custom:audio-decoder-ogg-vorbis: bf7c407c2cedff20999df2af8eb42d56 -> 
  custom:audio-encoder-webm-vorbis: bf7c407c2cedff20999df2af8eb42d56 -> 
========================================================================
Received Import Request.
  Time since last request: 173.468730 seconds.
  path: Assets/Scenes/YouLose.unity
  artifactKey: Guid(6f799209718ad3447b5e686af1dd31b8) Importer(815301076,1909f56bfc062723c751e8b465ee728b)
Start importing Assets/Scenes/YouLose.unity using Guid(6f799209718ad3447b5e686af1dd31b8) Importer(815301076,1909f56bfc062723c751e8b465ee728b)  -> (artifact id: '868476581919320fd02632e2dacdcdc8') in 0.022520 seconds 
========================================================================
Received Import Request.
  Time since last request: 41.742752 seconds.
  path: Assets/Scenes/YouWon.unity
  artifactKey: Guid(12c30f774b2036549b920b5f7903b92b) Importer(815301076,1909f56bfc062723c751e8b465ee728b)
Start importing Assets/Scenes/YouWon.unity using Guid(12c30f774b2036549b920b5f7903b92b) Importer(815301076,1909f56bfc062723c751e8b465ee728b)  -> (artifact id: 'a9e33c1275c82d562361b72dfb8ded7b') in 0.010388 seconds 
========================================================================
Received Import Request.
  Time since last request: 2.039629 seconds.
  path: Assets/Scenes/YouLose.unity
  artifactKey: Guid(6f799209718ad3447b5e686af1dd31b8) Importer(815301076,1909f56bfc062723c751e8b465ee728b)
Start importing Assets/Scenes/YouLose.unity using Guid(6f799209718ad3447b5e686af1dd31b8) Importer(815301076,1909f56bfc062723c751e8b465ee728b)  -> (artifact id: '41c5d2f8ec798439670cbcea57c7ce2b') in 0.004333 seconds 
========================================================================
Received Import Request.
  Time since last request: 66.505279 seconds.
  path: Assets/Scenes/YouWon.unity
  artifactKey: Guid(12c30f774b2036549b920b5f7903b92b) Importer(815301076,1909f56bfc062723c751e8b465ee728b)
Start importing Assets/Scenes/YouWon.unity using Guid(12c30f774b2036549b920b5f7903b92b) Importer(815301076,1909f56bfc062723c751e8b465ee728b)  -> (artifact id: '6a6d8613f680356df051cd8c4287fe73') in 0.004410 seconds 
========================================================================
Received Import Request.
  Time since last request: 42.669431 seconds.
  path: Assets/Scripts/Player.cs
  artifactKey: Guid(d5055dc8d872b614ab11abeabb281510) Importer(815301076,1909f56bfc062723c751e8b465ee728b)
Start importing Assets/Scripts/Player.cs using Guid(d5055dc8d872b614ab11abeabb281510) Importer(815301076,1909f56bfc062723c751e8b465ee728b)  -> (artifact id: '535165f775ccecc155d9ac265ae7b7d7') in 0.008370 seconds 
========================================================================
Received Import Request.
  Time since last request: 54.560369 seconds.
  path: Assets/Scripts/Player.cs
  artifactKey: Guid(d5055dc8d872b614ab11abeabb281510) Importer(815301076,1909f56bfc062723c751e8b465ee728b)
Start importing Assets/Scripts/Player.cs using Guid(d5055dc8d872b614ab11abeabb281510) Importer(815301076,1909f56bfc062723c751e8b465ee728b)  -> (artifact id: 'e4c612f0a7d86066a2b9965286ad43cb') in 0.005303 seconds 
========================================================================
Received Prepare
Registering precompiled user dll's ...
Registered in 0.008943 seconds.
Begin MonoManager ReloadAssembly
Symbol file LoadedFromMemory doesn't match image C:\Users\jcnar\Documents\Github\GE-AS1\Individual A1\Library\PackageCache\com.unity.visualscripting@1.6.1\Editor\VisualScripting.Core\Dependencies\YamlDotNet\Unity.VisualScripting.YamlDotNet.dll
Symbol file LoadedFromMemory doesn't match image C:\Users\jcnar\Documents\Github\GE-AS1\Individual A1\Library\PackageCache\com.unity.visualscripting@1.6.1\Editor\VisualScripting.Core\Dependencies\DotNetZip\Unity.VisualScripting.IonicZip.dll
Native extension for WindowsStandalone target not found
Native extension for WebGL target not found
Refreshing native plugins compatible for Editor in 0.70 ms, found 3 plugins.
Preloading 0 native plugins for Editor in 0.00 ms.
Mono: successfully reloaded assembly
- Completed reload, in  1.845 seconds
Domain Reload Profiling:
	ReloadAssembly (1846ms)
		BeginReloadAssembly (229ms)
			ExecutionOrderSort (0ms)
			DisableScriptedObjects (15ms)
			BackupInstance (0ms)
			ReleaseScriptingObjects (0ms)
			CreateAndSetChildDomain (63ms)
		EndReloadAssembly (1475ms)
			LoadAssemblies (186ms)
			RebuildTransferFunctionScriptingTraits (0ms)
			SetupTypeCache (600ms)
			ReleaseScriptCaches (1ms)
			RebuildScriptCaches (65ms)
			SetupLoadedEditorAssemblies (461ms)
				LogAssemblyErrors (0ms)
				InitializePlatformSupportModulesInManaged (11ms)
				SetLoadedEditorAssemblies (1ms)
				RefreshPlugins (1ms)
				BeforeProcessingInitializeOnLoad (80ms)
				ProcessInitializeOnLoadAttributes (346ms)
				ProcessInitializeOnLoadMethodAttributes (6ms)
				AfterProcessingInitializeOnLoad (15ms)
				EditorAssembliesLoaded (1ms)
			ExecutionOrderSort2 (0ms)
			AwakeInstancesAfterBackupRestoration (25ms)
Platform modules already initialized, skipping
Refreshing native plugins compatible for Editor in 0.71 ms, found 3 plugins.
Preloading 0 native plugins for Editor in 0.00 ms.
Unloading 2949 Unused Serialized files (Serialized files now loaded: 0)
System memory in use before: 165.2 MB.
System memory in use after: 165.4 MB.

Unloading 15 unused Assets to reduce memory usage. Loaded Objects now: 3724.
Total: 4.220000 ms (FindLiveObjects: 0.297100 ms CreateObjectMapping: 0.187100 ms MarkObjects: 3.712100 ms  DeleteObjects: 0.022700 ms)

AssetImportParameters requested are different than current active one (requested -> active):
  custom:framework-win-MediaFoundation: 216162199b28c13a410421893ffa2e32 -> 
  custom:video-decoder-ogg-theora: a1e56fd34408186e4bbccfd4996cb3dc -> 
  custom:container-muxer-webm: aa71ff27fc2769a1b78a27578f13a17b -> 
  custom:container-demuxer-webm: 4f35f7cbe854078d1ac9338744f61a02 -> 
  custom:container-demuxer-ogg: 62fdf1f143b41e24485cea50d1cbac27 -> 
  custom:video-encoder-webm-vp8: eb34c28f22e8b96e1ab97ce403110664 -> 
  custom:video-decoder-webm-vp8: 9c59270c3fd7afecdb556c50c9e8de78 -> 
  custom:audio-decoder-ogg-vorbis: bf7c407c2cedff20999df2af8eb42d56 -> 
  custom:audio-encoder-webm-vorbis: bf7c407c2cedff20999df2af8eb42d56 -> 
========================================================================
Received Import Request.
  Time since last request: 19.640636 seconds.
  path: Assets/Scripts/Player.cs
  artifactKey: Guid(d5055dc8d872b614ab11abeabb281510) Importer(815301076,1909f56bfc062723c751e8b465ee728b)
Start importing Assets/Scripts/Player.cs using Guid(d5055dc8d872b614ab11abeabb281510) Importer(815301076,1909f56bfc062723c751e8b465ee728b)  -> (artifact id: 'df488f255707d827b90be7985764870f') in 0.009286 seconds 
========================================================================
Received Import Request.
  Time since last request: 6.508984 seconds.
  path: Assets/Scripts/Player.cs
  artifactKey: Guid(d5055dc8d872b614ab11abeabb281510) Importer(815301076,1909f56bfc062723c751e8b465ee728b)
Start importing Assets/Scripts/Player.cs using Guid(d5055dc8d872b614ab11abeabb281510) Importer(815301076,1909f56bfc062723c751e8b465ee728b)  -> (artifact id: '5a5f5b3611995280cd94b721cd1efce0') in 0.005141 seconds 
========================================================================
Received Prepare
Registering precompiled user dll's ...
Registered in 0.009054 seconds.
Begin MonoManager ReloadAssembly
Symbol file LoadedFromMemory doesn't match image C:\Users\jcnar\Documents\Github\GE-AS1\Individual A1\Library\PackageCache\com.unity.visualscripting@1.6.1\Editor\VisualScripting.Core\Dependencies\YamlDotNet\Unity.VisualScripting.YamlDotNet.dll
Symbol file LoadedFromMemory doesn't match image C:\Users\jcnar\Documents\Github\GE-AS1\Individual A1\Library\PackageCache\com.unity.visualscripting@1.6.1\Editor\VisualScripting.Core\Dependencies\DotNetZip\Unity.VisualScripting.IonicZip.dll
Native extension for WindowsStandalone target not found
Native extension for WebGL target not found
Refreshing native plugins compatible for Editor in 0.71 ms, found 3 plugins.
Preloading 0 native plugins for Editor in 0.00 ms.
Mono: successfully reloaded assembly
- Completed reload, in  1.538 seconds
Domain Reload Profiling:
	ReloadAssembly (1539ms)
		BeginReloadAssembly (180ms)
			ExecutionOrderSort (0ms)
			DisableScriptedObjects (10ms)
			BackupInstance (0ms)
			ReleaseScriptingObjects (0ms)
			CreateAndSetChildDomain (43ms)
		EndReloadAssembly (1266ms)
			LoadAssemblies (142ms)
			RebuildTransferFunctionScriptingTraits (0ms)
			SetupTypeCache (483ms)
			ReleaseScriptCaches (1ms)
			RebuildScriptCaches (61ms)
			SetupLoadedEditorAssemblies (434ms)
				LogAssemblyErrors (0ms)
				InitializePlatformSupportModulesInManaged (8ms)
				SetLoadedEditorAssemblies (1ms)
				RefreshPlugins (1ms)
				BeforeProcessingInitializeOnLoad (79ms)
				ProcessInitializeOnLoadAttributes (326ms)
				ProcessInitializeOnLoadMethodAttributes (6ms)
				AfterProcessingInitializeOnLoad (13ms)
				EditorAssembliesLoaded (0ms)
			ExecutionOrderSort2 (0ms)
			AwakeInstancesAfterBackupRestoration (21ms)
Platform modules already initialized, skipping
Refreshing native plugins compatible for Editor in 1.05 ms, found 3 plugins.
Preloading 0 native plugins for Editor in 0.00 ms.
Unloading 2949 Unused Serialized files (Serialized files now loaded: 0)
System memory in use before: 165.2 MB.
System memory in use after: 165.5 MB.

Unloading 15 unused Assets to reduce memory usage. Loaded Objects now: 3726.
Total: 4.653200 ms (FindLiveObjects: 0.331600 ms CreateObjectMapping: 0.212300 ms MarkObjects: 4.084400 ms  DeleteObjects: 0.023600 ms)

AssetImportParameters requested are different than current active one (requested -> active):
  custom:framework-win-MediaFoundation: 216162199b28c13a410421893ffa2e32 -> 
  custom:video-decoder-ogg-theora: a1e56fd34408186e4bbccfd4996cb3dc -> 
  custom:container-muxer-webm: aa71ff27fc2769a1b78a27578f13a17b -> 
  custom:container-demuxer-webm: 4f35f7cbe854078d1ac9338744f61a02 -> 
  custom:container-demuxer-ogg: 62fdf1f143b41e24485cea50d1cbac27 -> 
  custom:video-encoder-webm-vp8: eb34c28f22e8b96e1ab97ce403110664 -> 
  custom:video-decoder-webm-vp8: 9c59270c3fd7afecdb556c50c9e8de78 -> 
  custom:audio-decoder-ogg-vorbis: bf7c407c2cedff20999df2af8eb42d56 -> 
  custom:audio-encoder-webm-vorbis: bf7c407c2cedff20999df2af8eb42d56 -> 
========================================================================
Received Prepare
Registering precompiled user dll's ...
Registered in 0.008485 seconds.
Begin MonoManager ReloadAssembly
Symbol file LoadedFromMemory doesn't match image C:\Users\jcnar\Documents\Github\GE-AS1\Individual A1\Library\PackageCache\com.unity.visualscripting@1.6.1\Editor\VisualScripting.Core\Dependencies\YamlDotNet\Unity.VisualScripting.YamlDotNet.dll
Symbol file LoadedFromMemory doesn't match image C:\Users\jcnar\Documents\Github\GE-AS1\Individual A1\Library\PackageCache\com.unity.visualscripting@1.6.1\Editor\VisualScripting.Core\Dependencies\DotNetZip\Unity.VisualScripting.IonicZip.dll
Native extension for WindowsStandalone target not found
Native extension for WebGL target not found
Refreshing native plugins compatible for Editor in 0.93 ms, found 3 plugins.
Preloading 0 native plugins for Editor in 0.00 ms.
Mono: successfully reloaded assembly
- Completed reload, in  1.527 seconds
Domain Reload Profiling:
	ReloadAssembly (1528ms)
		BeginReloadAssembly (187ms)
			ExecutionOrderSort (0ms)
			DisableScriptedObjects (13ms)
			BackupInstance (0ms)
			ReleaseScriptingObjects (0ms)
			CreateAndSetChildDomain (46ms)
		EndReloadAssembly (1239ms)
			LoadAssemblies (149ms)
			RebuildTransferFunctionScriptingTraits (0ms)
			SetupTypeCache (491ms)
			ReleaseScriptCaches (1ms)
			RebuildScriptCaches (57ms)
			SetupLoadedEditorAssemblies (409ms)
				LogAssemblyErrors (0ms)
				InitializePlatformSupportModulesInManaged (8ms)
				SetLoadedEditorAssemblies (1ms)
				RefreshPlugins (1ms)
				BeforeProcessingInitializeOnLoad (79ms)
				ProcessInitializeOnLoadAttributes (303ms)
				ProcessInitializeOnLoadMethodAttributes (5ms)
				AfterProcessingInitializeOnLoad (12ms)
				EditorAssembliesLoaded (0ms)
			ExecutionOrderSort2 (0ms)
			AwakeInstancesAfterBackupRestoration (20ms)
Platform modules already initialized, skipping
Refreshing native plugins compatible for Editor in 0.70 ms, found 3 plugins.
Preloading 0 native plugins for Editor in 0.00 ms.
Unloading 2949 Unused Serialized files (Serialized files now loaded: 0)
System memory in use before: 165.2 MB.
System memory in use after: 165.5 MB.

Unloading 15 unused Assets to reduce memory usage. Loaded Objects now: 3728.
Total: 4.697300 ms (FindLiveObjects: 0.327400 ms CreateObjectMapping: 0.180400 ms MarkObjects: 4.163600 ms  DeleteObjects: 0.024600 ms)

AssetImportParameters requested are different than current active one (requested -> active):
  custom:framework-win-MediaFoundation: 216162199b28c13a410421893ffa2e32 -> 
  custom:video-decoder-ogg-theora: a1e56fd34408186e4bbccfd4996cb3dc -> 
  custom:container-muxer-webm: aa71ff27fc2769a1b78a27578f13a17b -> 
  custom:container-demuxer-webm: 4f35f7cbe854078d1ac9338744f61a02 -> 
  custom:container-demuxer-ogg: 62fdf1f143b41e24485cea50d1cbac27 -> 
  custom:video-encoder-webm-vp8: eb34c28f22e8b96e1ab97ce403110664 -> 
  custom:video-decoder-webm-vp8: 9c59270c3fd7afecdb556c50c9e8de78 -> 
  custom:audio-decoder-ogg-vorbis: bf7c407c2cedff20999df2af8eb42d56 -> 
  custom:audio-encoder-webm-vorbis: bf7c407c2cedff20999df2af8eb42d56 -> 
========================================================================
Received Import Request.
  Time since last request: 55.822264 seconds.
  path: Assets/Scenes/TitleScreen.unity
  artifactKey: Guid(58b018d360478fa45ab7848d2dd1e494) Importer(815301076,1909f56bfc062723c751e8b465ee728b)
Start importing Assets/Scenes/TitleScreen.unity using Guid(58b018d360478fa45ab7848d2dd1e494) Importer(815301076,1909f56bfc062723c751e8b465ee728b)  -> (artifact id: 'afcc91a4c5be49483a93e42ed505a93d') in 0.018947 seconds 
========================================================================
Received Prepare
Registering precompiled user dll's ...
Registered in 0.007995 seconds.
Begin MonoManager ReloadAssembly
Symbol file LoadedFromMemory doesn't match image C:\Users\jcnar\Documents\Github\GE-AS1\Individual A1\Library\PackageCache\com.unity.visualscripting@1.6.1\Editor\VisualScripting.Core\Dependencies\YamlDotNet\Unity.VisualScripting.YamlDotNet.dll
Symbol file LoadedFromMemory doesn't match image C:\Users\jcnar\Documents\Github\GE-AS1\Individual A1\Library\PackageCache\com.unity.visualscripting@1.6.1\Editor\VisualScripting.Core\Dependencies\DotNetZip\Unity.VisualScripting.IonicZip.dll
Native extension for WindowsStandalone target not found
Native extension for WebGL target not found
Refreshing native plugins compatible for Editor in 0.69 ms, found 3 plugins.
Preloading 0 native plugins for Editor in 0.00 ms.
Mono: successfully reloaded assembly
- Completed reload, in  1.675 seconds
Domain Reload Profiling:
	ReloadAssembly (1676ms)
		BeginReloadAssembly (172ms)
			ExecutionOrderSort (0ms)
			DisableScriptedObjects (10ms)
			BackupInstance (0ms)
			ReleaseScriptingObjects (0ms)
			CreateAndSetChildDomain (43ms)
		EndReloadAssembly (1403ms)
			LoadAssemblies (150ms)
			RebuildTransferFunctionScriptingTraits (0ms)
			SetupTypeCache (628ms)
			ReleaseScriptCaches (1ms)
			RebuildScriptCaches (61ms)
			SetupLoadedEditorAssemblies (418ms)
				LogAssemblyErrors (0ms)
				InitializePlatformSupportModulesInManaged (8ms)
				SetLoadedEditorAssemblies (1ms)
				RefreshPlugins (1ms)
				BeforeProcessingInitializeOnLoad (78ms)
				ProcessInitializeOnLoadAttributes (311ms)
				ProcessInitializeOnLoadMethodAttributes (5ms)
				AfterProcessingInitializeOnLoad (13ms)
				EditorAssembliesLoaded (0ms)
			ExecutionOrderSort2 (0ms)
			AwakeInstancesAfterBackupRestoration (21ms)
Platform modules already initialized, skipping
Refreshing native plugins compatible for Editor in 0.68 ms, found 3 plugins.
Preloading 0 native plugins for Editor in 0.00 ms.
Unloading 2949 Unused Serialized files (Serialized files now loaded: 0)
System memory in use before: 165.2 MB.
System memory in use after: 165.5 MB.

Unloading 15 unused Assets to reduce memory usage. Loaded Objects now: 3730.
Total: 4.278100 ms (FindLiveObjects: 0.285400 ms CreateObjectMapping: 0.169700 ms MarkObjects: 3.801600 ms  DeleteObjects: 0.020100 ms)

AssetImportParameters requested are different than current active one (requested -> active):
  custom:framework-win-MediaFoundation: 216162199b28c13a410421893ffa2e32 -> 
  custom:video-decoder-ogg-theora: a1e56fd34408186e4bbccfd4996cb3dc -> 
  custom:container-muxer-webm: aa71ff27fc2769a1b78a27578f13a17b -> 
  custom:container-demuxer-webm: 4f35f7cbe854078d1ac9338744f61a02 -> 
  custom:container-demuxer-ogg: 62fdf1f143b41e24485cea50d1cbac27 -> 
  custom:video-encoder-webm-vp8: eb34c28f22e8b96e1ab97ce403110664 -> 
  custom:video-decoder-webm-vp8: 9c59270c3fd7afecdb556c50c9e8de78 -> 
  custom:audio-decoder-ogg-vorbis: bf7c407c2cedff20999df2af8eb42d56 -> 
  custom:audio-encoder-webm-vorbis: bf7c407c2cedff20999df2af8eb42d56 -> 
========================================================================
Received Prepare
Registering precompiled user dll's ...
Registered in 0.008429 seconds.
Begin MonoManager ReloadAssembly
Symbol file LoadedFromMemory doesn't match image C:\Users\jcnar\Documents\Github\GE-AS1\Individual A1\Library\PackageCache\com.unity.visualscripting@1.6.1\Editor\VisualScripting.Core\Dependencies\YamlDotNet\Unity.VisualScripting.YamlDotNet.dll
Symbol file LoadedFromMemory doesn't match image C:\Users\jcnar\Documents\Github\GE-AS1\Individual A1\Library\PackageCache\com.unity.visualscripting@1.6.1\Editor\VisualScripting.Core\Dependencies\DotNetZip\Unity.VisualScripting.IonicZip.dll
Native extension for WindowsStandalone target not found
Native extension for WebGL target not found
Refreshing native plugins compatible for Editor in 1.01 ms, found 3 plugins.
Preloading 0 native plugins for Editor in 0.00 ms.
Mono: successfully reloaded assembly
- Completed reload, in  1.487 seconds
Domain Reload Profiling:
	ReloadAssembly (1488ms)
		BeginReloadAssembly (172ms)
			ExecutionOrderSort (0ms)
			DisableScriptedObjects (9ms)
			BackupInstance (0ms)
			ReleaseScriptingObjects (0ms)
			CreateAndSetChildDomain (43ms)
		EndReloadAssembly (1222ms)
			LoadAssemblies (143ms)
			RebuildTransferFunctionScriptingTraits (0ms)
			SetupTypeCache (459ms)
			ReleaseScriptCaches (1ms)
			RebuildScriptCaches (57ms)
			SetupLoadedEditorAssemblies (419ms)
				LogAssemblyErrors (0ms)
				InitializePlatformSupportModulesInManaged (9ms)
				SetLoadedEditorAssemblies (1ms)
				RefreshPlugins (1ms)
				BeforeProcessingInitializeOnLoad (84ms)
				ProcessInitializeOnLoadAttributes (306ms)
				ProcessInitializeOnLoadMethodAttributes (5ms)
				AfterProcessingInitializeOnLoad (13ms)
				EditorAssembliesLoaded (0ms)
			ExecutionOrderSort2 (0ms)
			AwakeInstancesAfterBackupRestoration (21ms)
Platform modules already initialized, skipping
Refreshing native plugins compatible for Editor in 0.70 ms, found 3 plugins.
Preloading 0 native plugins for Editor in 0.00 ms.
Unloading 2949 Unused Serialized files (Serialized files now loaded: 0)
System memory in use before: 165.2 MB.
System memory in use after: 165.5 MB.

Unloading 15 unused Assets to reduce memory usage. Loaded Objects now: 3732.
Total: 4.424500 ms (FindLiveObjects: 0.315800 ms CreateObjectMapping: 0.198900 ms MarkObjects: 3.887700 ms  DeleteObjects: 0.020500 ms)

AssetImportParameters requested are different than current active one (requested -> active):
  custom:framework-win-MediaFoundation: 216162199b28c13a410421893ffa2e32 -> 
  custom:video-decoder-ogg-theora: a1e56fd34408186e4bbccfd4996cb3dc -> 
  custom:container-muxer-webm: aa71ff27fc2769a1b78a27578f13a17b -> 
  custom:container-demuxer-webm: 4f35f7cbe854078d1ac9338744f61a02 -> 
  custom:container-demuxer-ogg: 62fdf1f143b41e24485cea50d1cbac27 -> 
  custom:video-encoder-webm-vp8: eb34c28f22e8b96e1ab97ce403110664 -> 
  custom:video-decoder-webm-vp8: 9c59270c3fd7afecdb556c50c9e8de78 -> 
  custom:audio-decoder-ogg-vorbis: bf7c407c2cedff20999df2af8eb42d56 -> 
  custom:audio-encoder-webm-vorbis: bf7c407c2cedff20999df2af8eb42d56 -> 
========================================================================
Received Import Request.
  Time since last request: 72.764586 seconds.
  path: Assets/Scenes/YouWon.unity
  artifactKey: Guid(12c30f774b2036549b920b5f7903b92b) Importer(815301076,1909f56bfc062723c751e8b465ee728b)
Start importing Assets/Scenes/YouWon.unity using Guid(12c30f774b2036549b920b5f7903b92b) Importer(815301076,1909f56bfc062723c751e8b465ee728b)  -> (artifact id: '0d40265990ebfeced61902077f5f60b1') in 0.016314 seconds 
========================================================================
Received Import Request.
  Time since last request: 35.146113 seconds.
  path: Assets/Scenes/YouLose.unity
  artifactKey: Guid(6f799209718ad3447b5e686af1dd31b8) Importer(815301076,1909f56bfc062723c751e8b465ee728b)
Start importing Assets/Scenes/YouLose.unity using Guid(6f799209718ad3447b5e686af1dd31b8) Importer(815301076,1909f56bfc062723c751e8b465ee728b)  -> (artifact id: '35b30f6ef904d75b8485b95404afeca6') in 0.006007 seconds 
AssetImportWorkerClient::OnTransportError - code=2 error=End of file
